SF:/run/media/kingwill101/disk2/code/code/dart_packages/routed_ecosystem/packages/routed/lib/src/cache/array_store.dart
DA:24,10
DA:29,0
DA:31,0
DA:37,6
DA:39,12
DA:42,12
DA:47,6
DA:49,6
DA:50,24
DA:51,0
DA:55,6
DA:60,6
DA:66,6
DA:68,18
DA:69,6
DA:70,6
DA:78,0
DA:80,0
DA:81,0
DA:89,3
DA:91,6
DA:92,3
DA:94,3
DA:96,3
DA:98,3
DA:99,3
DA:101,15
DA:102,3
DA:109,3
DA:111,6
DA:117,1
DA:119,1
DA:125,4
DA:127,8
DA:134,2
DA:136,4
DA:143,0
DA:151,2
DA:153,2
DA:159,0
DA:161,0
DA:165,6
DA:166,6
DA:170,6
DA:171,6
DA:172,24
DA:177,0
DA:178,0
DA:182,0
DA:183,0
DA:189,1
DA:191,1
DA:192,2
DA:193,2
LF:54
LH:41
end_of_record
SF:/run/media/kingwill101/disk2/code/code/dart_packages/routed_ecosystem/packages/routed/lib/src/cache/array_lock.dart
DA:14,3
DA:15,3
DA:20,1
DA:22,4
DA:24,0
DA:25,0
DA:30,5
DA:31,1
DA:32,2
DA:34,1
DA:35,3
DA:36,1
DA:44,3
DA:46,3
DA:47,1
DA:56,3
DA:58,13
DA:65,3
DA:67,9
DA:71,1
DA:73,4
DA:80,1
DA:82,2
DA:83,1
DA:85,1
DA:86,0
DA:88,0
DA:89,0
DA:92,0
DA:93,0
DA:99,1
DA:101,1
DA:112,0
DA:114,0
DA:118,0
DA:120,0
LF:36
LH:25
end_of_record
SF:/run/media/kingwill101/disk2/code/code/dart_packages/routed_ecosystem/packages/routed/lib/src/contracts/cache/lock_timeout_exception.dart
DA:7,0
DA:9,0
DA:10,0
LF:3
LH:0
end_of_record
SF:/run/media/kingwill101/disk2/code/code/dart_packages/routed_ecosystem/packages/routed/lib/src/cache/lock.dart
DA:24,3
DA:25,3
DA:45,0
DA:47,0
DA:51,0
DA:53,0
DA:68,0
DA:70,0
DA:71,0
DA:73,0
DA:74,0
DA:76,0
DA:77,0
DA:80,0
DA:85,0
DA:87,0
DA:95,0
DA:97,0
DA:109,0
DA:111,0
DA:115,0
DA:116,0
DA:122,3
DA:124,3
DA:125,3
DA:127,12
DA:128,3
LF:27
LH:7
end_of_record
SF:/run/media/kingwill101/disk2/code/code/dart_packages/routed_ecosystem/packages/routed/lib/src/cache/taggable_store.dart
DA:28,0
DA:29,0
LF:2
LH:0
end_of_record
SF:/run/media/kingwill101/disk2/code/code/dart_packages/routed_ecosystem/packages/routed/lib/src/cache/tag_set.dart
DA:14,0
DA:19,0
DA:20,0
DA:29,0
DA:30,0
DA:31,0
DA:38,0
DA:39,0
DA:45,0
DA:46,0
DA:55,0
DA:56,0
DA:65,0
DA:66,0
DA:75,0
DA:76,0
DA:84,0
DA:85,0
DA:91,0
DA:92,0
DA:100,0
DA:101,0
LF:22
LH:0
end_of_record
SF:/run/media/kingwill101/disk2/code/code/dart_packages/routed_ecosystem/packages/routed/lib/src/cache/tagged_cache.dart
DA:14,0
DA:24,0
DA:26,0
DA:27,0
DA:28,0
DA:32,0
DA:34,0
DA:44,0
DA:46,0
DA:56,0
DA:58,0
DA:59,0
DA:70,0
DA:72,0
DA:73,0
DA:74,0
DA:75,0
DA:85,0
DA:87,0
DA:88,0
DA:89,0
DA:90,0
DA:100,0
DA:102,0
DA:112,0
DA:114,0
DA:118,0
DA:119,0
DA:120,0
DA:121,0
DA:122,0
DA:132,0
DA:134,0
DA:143,0
DA:145,0
DA:149,0
DA:150,0
DA:159,0
DA:161,0
DA:167,0
DA:169,0
DA:175,0
DA:176,0
LF:43
LH:0
end_of_record
SF:/run/media/kingwill101/disk2/code/code/dart_packages/routed_ecosystem/packages/routed/lib/src/cache/file_store.dart
DA:41,4
DA:51,2
DA:53,2
DA:54,2
DA:60,0
DA:62,0
DA:63,0
DA:64,0
DA:66,0
DA:67,0
DA:68,0
DA:69,0
DA:70,0
DA:71,0
DA:72,0
DA:73,0
DA:79,0
DA:86,2
DA:88,2
DA:89,2
DA:91,2
DA:92,4
DA:93,2
DA:94,4
DA:96,2
DA:98,2
DA:100,0
DA:111,2
DA:113,6
DA:114,2
DA:115,2
DA:124,2
DA:126,4
DA:127,4
DA:128,4
DA:137,0
DA:139,0
DA:140,0
DA:141,0
DA:142,0
DA:152,0
DA:154,0
DA:160,2
DA:162,2
DA:163,2
DA:164,2
DA:166,2
DA:168,2
DA:170,2
DA:171,2
DA:172,4
DA:179,2
DA:181,2
DA:182,4
DA:188,1
DA:190,1
DA:196,0
DA:204,1
DA:206,1
DA:207,2
DA:208,2
DA:216,0
DA:218,0
DA:219,0
DA:228,2
DA:229,2
DA:230,4
DA:232,2
DA:233,2
DA:236,2
DA:237,2
DA:238,2
DA:240,2
DA:241,0
DA:242,0
DA:245,6
DA:251,2
DA:252,2
DA:253,2
DA:254,8
DA:260,2
DA:261,2
DA:262,2
DA:264,8
DA:270,2
DA:271,2
DA:272,8
DA:279,2
DA:280,2
DA:286,2
DA:287,2
DA:293,2
DA:294,2
DA:300,2
DA:301,2
DA:302,8
DA:308,2
DA:309,6
DA:310,2
DA:311,2
DA:312,2
DA:319,2
DA:320,2
DA:321,0
DA:323,0
DA:324,0
DA:325,0
LF:107
LH:76
end_of_record
SF:/run/media/kingwill101/disk2/code/code/dart_packages/routed_ecosystem/packages/routed/lib/src/cache/file_lock.dart
DA:28,0
DA:35,0
DA:37,0
DA:45,0
DA:47,0
DA:48,0
DA:57,0
DA:59,0
DA:67,0
DA:69,0
DA:81,0
DA:83,0
DA:86,0
DA:90,0
DA:105,0
DA:107,0
DA:108,0
DA:109,0
DA:112,0
DA:116,0
DA:119,0
DA:121,0
DA:122,0
DA:129,0
DA:131,0
DA:140,0
DA:142,0
LF:27
LH:0
end_of_record
SF:/run/media/kingwill101/disk2/code/code/dart_packages/routed_ecosystem/packages/routed/lib/src/cache/cache_manager.dart
DA:21,59
DA:26,177
DA:31,4
DA:50,2
DA:51,4
DA:55,4
DA:72,1
DA:76,0
DA:77,0
DA:81,64
DA:99,64
DA:101,192
DA:103,64
DA:112,64
DA:114,64
DA:120,64
DA:130,6
DA:132,0
DA:134,6
DA:136,0
DA:138,64
DA:139,192
DA:140,320
DA:144,59
DA:145,59
DA:146,177
DA:147,59
DA:151,59
DA:152,59
DA:154,59
DA:155,59
DA:162,4
DA:167,4
DA:169,2
DA:172,4
DA:173,4
DA:179,6
DA:180,4
DA:182,6
DA:183,2
DA:184,2
DA:190,2
DA:191,1
DA:192,1
DA:198,6
DA:200,1
DA:203,1
DA:204,1
DA:211,1
DA:220,2
DA:222,1
DA:249,64
DA:253,64
DA:254,128
DA:264,64
DA:269,128
DA:271,0
DA:272,0
DA:273,0
DA:275,0
DA:280,6
DA:283,4
DA:291,9
DA:292,27
DA:296,57
DA:297,57
DA:298,116
DA:299,2
DA:300,2
DA:306,59
DA:307,59
DA:308,120
DA:309,2
DA:310,2
DA:316,4
DA:326,9
DA:327,18
DA:329,0
DA:331,9
DA:332,18
DA:335,0
DA:336,0
DA:340,9
DA:342,8
DA:343,4
DA:350,9
DA:351,18
DA:352,9
DA:353,6
DA:363,64
DA:364,128
DA:368,64
DA:377,128
DA:389,3
DA:390,6
DA:394,2
DA:395,2
DA:396,4
DA:401,59
DA:404,59
DA:405,118
DA:410,64
DA:414,64
DA:416,128
DA:420,64
DA:422,128
DA:425,2
DA:426,4
DA:427,2
DA:428,2
DA:429,2
DA:430,3
DA:432,4
DA:434,4
DA:439,1
DA:441,1
DA:443,2
DA:445,0
DA:450,2
DA:451,2
DA:452,6
DA:453,2
DA:459,2
DA:460,1
DA:461,1
DA:462,0
DA:463,1
DA:464,1
DA:466,1
DA:468,0
DA:473,1
DA:475,2
DA:477,1
DA:484,64
DA:486,128
DA:490,64
DA:492,128
DA:495,1
DA:496,1
DA:498,1
DA:499,2
DA:501,1
DA:504,1
DA:505,1
DA:506,1
DA:507,2
DA:508,2
DA:513,0
DA:515,0
DA:519,1
DA:520,0
DA:521,0
DA:523,0
DA:527,1
DA:528,1
DA:532,1
DA:535,1
DA:536,0
DA:539,2
DA:541,2
DA:546,1
DA:549,1
DA:550,1
DA:551,1
DA:553,1
DA:554,0
DA:555,0
DA:557,0
DA:565,59
DA:568,59
DA:569,59
DA:570,59
DA:571,59
DA:582,59
DA:583,59
DA:595,59
DA:598,59
DA:599,59
DA:600,59
DA:601,59
DA:610,59
DA:611,59
DA:617,59
DA:618,59
DA:627,59
DA:628,59
DA:633,59
DA:634,59
DA:651,2
DA:652,4
DA:653,0
DA:655,6
LF:192
LH:168
end_of_record
SF:/run/media/kingwill101/disk2/code/code/dart_packages/routed_ecosystem/packages/routed/lib/src/config/config.dart
DA:6,66
DA:8,66
DA:12,64
DA:14,128
DA:17,66
DA:19,66
DA:20,66
DA:21,66
DA:26,2
DA:28,2
DA:29,2
DA:30,2
DA:32,1
DA:35,59
DA:37,59
DA:40,63
DA:42,63
DA:43,63
DA:44,126
DA:47,3
DA:49,3
DA:50,3
DA:53,3
DA:55,3
DA:56,3
DA:59,66
DA:61,132
DA:64,59
DA:66,118
DA:69,66
DA:70,66
DA:71,66
DA:72,0
DA:74,66
DA:75,263
DA:76,65
DA:77,65
DA:78,65
DA:84,66
DA:88,66
DA:89,64
DA:91,132
DA:94,63
DA:95,63
DA:96,252
DA:97,63
DA:98,63
DA:99,63
DA:103,63
DA:104,63
DA:110,3
DA:111,3
DA:112,3
DA:113,6
DA:114,3
DA:117,3
DA:118,6
DA:122,66
DA:127,132
DA:128,66
DA:129,63
DA:130,122
DA:131,61
DA:133,122
DA:135,118
DA:138,63
DA:139,120
DA:141,120
DA:144,26
DA:146,13
DA:151,66
DA:152,66
DA:153,66
DA:154,62
DA:156,66
DA:157,66
DA:158,59
DA:159,66
DA:162,66
DA:163,59
DA:164,122
DA:167,59
DA:168,66
DA:174,66
DA:175,330
DA:184,73
LF:86
LH:85
end_of_record
SF:/run/media/kingwill101/disk2/code/code/dart_packages/routed_ecosystem/packages/routed/lib/src/container/container.dart
DA:34,62
DA:39,92
DA:43,0
DA:50,57
DA:51,114
DA:52,43
DA:55,114
DA:56,57
DA:57,57
DA:116,64
DA:127,59
DA:131,177
DA:142,59
DA:143,59
DA:155,1
DA:156,2
DA:157,1
DA:163,1
DA:164,2
DA:165,2
DA:166,2
DA:168,2
DA:180,62
DA:181,124
DA:182,186
DA:183,0
DA:193,41
DA:194,82
DA:195,82
DA:196,82
DA:197,82
DA:198,82
DA:199,82
DA:200,0
DA:202,82
DA:203,82
DA:204,82
DA:213,1
DA:218,3
DA:219,3
DA:232,1
DA:233,3
DA:234,3
DA:247,1
DA:250,3
DA:251,3
DA:262,1
DA:263,1
DA:264,0
DA:266,2
DA:267,1
DA:268,0
DA:283,57
DA:285,114
DA:291,114
DA:292,0
DA:294,0
DA:299,114
DA:300,2
DA:301,2
DA:303,1
DA:304,1
DA:305,2
DA:309,0
DA:312,246
DA:314,2
DA:317,57
DA:320,57
DA:321,114
DA:328,57
DA:329,57
DA:332,171
DA:333,58
DA:334,1
DA:338,171
DA:339,58
DA:340,1
DA:349,62
DA:350,124
DA:351,124
DA:352,124
DA:353,105
DA:359,44
DA:360,44
DA:369,1
DA:370,1
DA:371,2
DA:372,2
DA:374,0
DA:376,1
DA:388,62
DA:389,124
DA:394,221
DA:396,0
DA:399,46
DA:400,43
DA:403,18
DA:410,35
DA:412,105
DA:413,35
DA:414,35
DA:418,70
DA:419,70
LF:103
LH:93
end_of_record
SF:/run/media/kingwill101/disk2/code/code/dart_packages/routed_ecosystem/packages/routed/lib/src/engine/storage_defaults.dart
DA:5,61
DA:7,59
DA:10,118
DA:14,59
DA:17,61
DA:18,122
DA:19,61
DA:20,61
DA:26,3
DA:27,9
DA:30,2
DA:31,2
DA:32,2
DA:33,0
DA:35,2
DA:36,0
DA:38,6
DA:42,61
DA:43,122
DA:44,61
DA:45,240
DA:46,177
DA:47,59
DA:48,118
DA:50,4
DA:51,8
DA:52,4
DA:55,4
DA:56,8
LF:29
LH:27
end_of_record
SF:/run/media/kingwill101/disk2/code/code/dart_packages/routed_ecosystem/packages/routed/lib/src/engine/storage_paths.dart
DA:4,3
DA:5,3
DA:6,6
DA:9,1
DA:10,1
DA:11,1
DA:12,0
DA:14,1
DA:15,1
DA:17,0
DA:18,0
DA:20,0
DA:21,0
DA:24,3
DA:25,3
DA:26,3
DA:29,9
DA:30,3
DA:34,3
DA:35,6
DA:36,3
DA:37,6
LF:22
LH:17
end_of_record
SF:/run/media/kingwill101/disk2/code/code/dart_packages/routed_ecosystem/packages/routed/lib/src/middleware/basic_auth.dart
DA:22,2
DA:26,2
DA:27,4
DA:29,2
DA:30,8
DA:31,4
DA:36,4
DA:38,4
DA:39,2
DA:41,4
DA:42,4
DA:43,8
DA:44,8
DA:45,4
DA:50,4
DA:51,2
DA:55,2
DA:56,6
DA:58,6
DA:59,8
DA:61,2
LF:21
LH:21
end_of_record
SF:/run/media/kingwill101/disk2/code/code/dart_packages/routed_ecosystem/packages/routed/lib/src/middleware/conditional_request.dart
DA:14,1
DA:18,1
DA:19,3
DA:21,3
DA:24,3
DA:27,1
DA:29,2
DA:34,1
DA:35,2
DA:36,2
DA:37,1
DA:40,1
DA:41,2
DA:42,2
DA:43,1
DA:46,1
DA:47,2
DA:52,1
DA:53,1
DA:54,2
DA:57,2
DA:59,3
DA:64,1
DA:65,1
DA:66,1
DA:67,1
DA:68,1
DA:69,1
DA:70,1
DA:71,1
LF:30
LH:30
end_of_record
SF:/run/media/kingwill101/disk2/code/code/dart_packages/routed_ecosystem/packages/routed/lib/src/middleware/compression.dart
DA:12,2
DA:13,4
DA:17,0
DA:18,0
DA:21,58
DA:22,43
DA:23,43
DA:24,43
DA:25,0
DA:28,129
DA:29,0
DA:32,43
DA:34,32
DA:37,22
DA:39,65
DA:40,63
DA:44,63
DA:45,63
DA:46,63
DA:47,63
DA:48,63
DA:49,21
DA:53,60
DA:56,0
DA:61,80
DA:62,0
DA:64,20
DA:68,60
DA:72,2
DA:73,3
DA:75,1
DA:78,1
DA:81,22
DA:85,22
DA:86,66
DA:88,1
DA:89,1
DA:90,1
DA:91,4
DA:92,1
DA:94,66
DA:98,43
DA:102,43
DA:107,171
DA:108,43
DA:112,22
DA:113,22
DA:117,44
DA:118,44
DA:121,44
DA:122,0
DA:124,44
DA:128,44
DA:131,22
DA:137,22
DA:138,22
DA:139,22
DA:141,44
DA:142,22
DA:143,22
DA:144,22
DA:145,66
DA:147,23
DA:148,1
DA:149,5
DA:150,3
DA:156,44
DA:159,26
DA:164,22
DA:171,22
DA:175,1
DA:176,1
DA:177,1
DA:179,1
DA:184,1
DA:185,1
DA:186,1
DA:187,2
DA:188,1
DA:189,1
DA:196,59
DA:197,59
DA:198,59
DA:200,59
DA:201,0
DA:208,59
DA:210,59
DA:212,59
DA:218,59
DA:224,59
DA:225,236
DA:226,236
DA:234,20
DA:235,20
DA:236,40
DA:237,20
DA:242,40
DA:246,40
DA:247,20
DA:254,20
DA:255,20
DA:256,60
DA:257,20
DA:259,11
LF:104
LH:96
end_of_record
SF:/run/media/kingwill101/disk2/code/code/dart_packages/routed_ecosystem/packages/routed/lib/src/middleware/cors.dart
DA:7,2
DA:13,2
DA:17,2
DA:20,4
DA:21,2
DA:23,2
DA:27,4
DA:29,1
DA:34,2
DA:36,4
DA:37,2
DA:43,2
DA:48,2
DA:49,2
DA:53,2
DA:55,4
DA:59,2
DA:61,4
DA:62,1
DA:64,2
DA:66,2
DA:67,0
DA:69,0
DA:73,2
DA:74,1
DA:76,2
DA:80,4
DA:81,1
DA:83,2
DA:90,58
DA:91,43
DA:92,129
DA:94,43
DA:95,43
DA:98,4
DA:99,4
DA:100,4
DA:102,2
DA:110,2
DA:116,2
DA:117,1
DA:120,2
LF:42
LH:40
end_of_record
SF:/run/media/kingwill101/disk2/code/code/dart_packages/routed_ecosystem/packages/routed/lib/src/middleware/csrf.dart
DA:10,58
DA:11,43
DA:12,43
DA:14,86
DA:15,84
DA:16,84
DA:17,41
DA:20,3
DA:25,6
DA:26,2
DA:27,2
DA:28,9
DA:29,3
DA:30,3
DA:31,9
DA:35,3
DA:36,3
DA:37,6
DA:42,3
DA:45,3
DA:48,3
DA:53,2
DA:54,2
DA:56,1
DA:61,1
DA:62,1
DA:63,1
DA:69,1
DA:73,3
DA:74,3
DA:75,9
DA:76,3
DA:79,3
DA:80,12
DA:84,3
DA:85,6
DA:89,4
DA:94,1
DA:98,1
DA:99,1
DA:103,1
DA:104,4
DA:105,3
DA:106,2
DA:107,1
DA:108,1
DA:115,1
DA:116,1
DA:120,1
DA:121,1
DA:125,1
DA:126,1
DA:130,1
DA:131,1
DA:133,1
DA:134,3
DA:135,4
DA:137,2
DA:138,1
DA:139,4
DA:140,1
DA:147,0
DA:148,0
DA:152,0
DA:153,0
LF:65
LH:61
end_of_record
SF:/run/media/kingwill101/disk2/code/code/dart_packages/routed_ecosystem/packages/routed/lib/src/middleware/limit_request_body.dart
DA:24,2
DA:25,2
DA:26,0
DA:29,2
DA:30,2
DA:33,4
DA:34,6
DA:35,2
DA:37,6
DA:38,2
DA:42,1
DA:46,6
DA:47,2
DA:54,2
LF:14
LH:13
end_of_record
SF:/run/media/kingwill101/disk2/code/code/dart_packages/routed_ecosystem/packages/routed/lib/src/middleware/limited_request.dart
DA:10,0
DA:12,0
DA:13,0
DA:15,0
DA:16,0
DA:18,0
DA:19,0
DA:21,0
DA:22,0
DA:24,0
DA:25,0
DA:27,0
DA:28,0
DA:30,0
DA:31,0
DA:33,0
DA:34,0
DA:36,0
DA:37,0
DA:39,0
DA:40,0
DA:42,0
DA:50,0
DA:58,0
DA:63,0
DA:68,0
DA:71,0
DA:73,0
DA:76,0
DA:78,0
DA:79,0
DA:81,0
DA:82,0
DA:84,0
DA:88,0
DA:90,0
DA:93,0
DA:95,0
DA:98,0
DA:100,0
DA:103,0
DA:105,0
DA:107,0
DA:109,0
DA:114,0
DA:116,0
DA:120,0
DA:122,0
DA:125,0
DA:127,0
DA:132,0
DA:134,0
DA:135,0
DA:137,0
DA:138,0
DA:140,0
DA:142,0
DA:144,0
DA:146,0
DA:147,0
DA:152,0
DA:154,0
DA:155,0
DA:157,0
DA:160,0
DA:162,0
DA:164,0
DA:166,0
DA:170,0
DA:172,0
DA:173,0
DA:175,0
DA:177,0
DA:178,0
DA:183,0
DA:185,0
DA:188,0
DA:190,0
DA:193,0
DA:195,0
DA:198,0
DA:200,0
DA:203,0
DA:205,0
DA:211,0
DA:213,0
DA:215,0
DA:217,0
DA:219,0
DA:221,0
DA:223,0
DA:225,0
DA:228,0
DA:230,0
DA:231,0
DA:233,0
DA:234,0
DA:236,0
DA:238,0
LF:99
LH:0
end_of_record
SF:/run/media/kingwill101/disk2/code/code/dart_packages/routed_ecosystem/packages/routed/lib/src/middleware/rate_limit.dart
DA:5,0
DA:6,0
DA:7,0
DA:8,0
DA:11,0
DA:12,0
DA:13,0
DA:16,0
DA:17,0
DA:18,0
DA:19,0
DA:20,0
DA:21,0
DA:22,0
DA:23,0
DA:24,0
DA:26,0
DA:27,0
LF:18
LH:0
end_of_record
SF:/run/media/kingwill101/disk2/code/code/dart_packages/routed_ecosystem/packages/routed/lib/src/middleware/recovery.dart
DA:22,3
DA:25,3
DA:27,3
DA:29,3
DA:32,6
DA:35,3
DA:36,15
DA:38,3
DA:41,3
DA:42,3
DA:43,1
DA:44,2
DA:50,3
DA:52,0
DA:53,0
DA:63,1
DA:77,3
DA:78,3
DA:79,0
DA:80,0
DA:81,0
LF:21
LH:16
end_of_record
SF:/run/media/kingwill101/disk2/code/code/dart_packages/routed_ecosystem/packages/routed/lib/src/middleware/request_size_limit.dart
DA:4,58
DA:5,43
DA:6,43
LF:3
LH:3
end_of_record
SF:/run/media/kingwill101/disk2/code/code/dart_packages/routed_ecosystem/packages/routed/lib/src/middleware/request_tracker.dart
DA:8,2
DA:9,2
DA:10,2
DA:11,2
DA:12,2
DA:15,2
DA:17,4
DA:18,2
DA:19,4
LF:9
LH:9
end_of_record
SF:/run/media/kingwill101/disk2/code/code/dart_packages/routed_ecosystem/packages/routed/lib/src/middleware/security_header.dart
DA:5,58
DA:6,43
DA:7,43
DA:8,86
DA:9,0
DA:11,86
DA:12,10
DA:14,86
DA:15,6
DA:17,86
DA:18,6
DA:20,6
DA:23,86
DA:24,6
DA:26,4
DA:29,43
LF:16
LH:15
end_of_record
SF:/run/media/kingwill101/disk2/code/code/dart_packages/routed_ecosystem/packages/routed/lib/src/middleware/timeout.dart
DA:12,2
DA:13,2
DA:14,2
DA:16,2
DA:17,2
DA:20,4
DA:21,4
DA:22,4
DA:24,2
DA:27,8
DA:28,2
DA:30,2
DA:31,2
DA:34,2
DA:37,4
DA:38,4
DA:39,2
DA:40,2
DA:41,2
DA:44,2
DA:45,0
DA:46,0
DA:47,0
DA:51,4
DA:52,4
DA:53,2
DA:54,2
DA:58,2
LF:28
LH:25
end_of_record
SF:/run/media/kingwill101/disk2/code/code/dart_packages/routed_ecosystem/packages/routed/lib/src/router/middleware_reference.dart
DA:9,0
DA:11,129
DA:14,3
DA:15,0
DA:16,0
DA:17,0
DA:21,6
DA:26,129
DA:29,0
DA:34,0
DA:36,6
LF:11
LH:5
end_of_record
SF:/run/media/kingwill101/disk2/code/code/dart_packages/routed_ecosystem/packages/routed/lib/src/auth/jwt.dart
DA:16,1
DA:20,0
DA:21,0
DA:25,1
DA:35,4
DA:42,1
DA:68,0
DA:81,0
DA:82,0
DA:83,0
DA:84,0
DA:85,0
DA:86,0
DA:87,0
DA:88,0
DA:89,0
DA:90,0
DA:91,0
DA:92,0
DA:98,1
DA:100,1
DA:108,0
DA:110,1
DA:111,1
DA:112,2
DA:113,0
DA:116,4
DA:117,3
DA:119,1
DA:120,1
DA:124,1
DA:125,1
DA:126,2
DA:127,2
DA:128,2
DA:131,1
DA:134,1
DA:135,1
DA:136,2
DA:137,1
DA:142,1
DA:143,1
DA:144,1
DA:145,2
DA:147,1
DA:149,2
DA:150,2
DA:154,1
DA:157,1
DA:159,0
DA:162,1
DA:163,1
DA:165,2
DA:168,0
DA:171,1
DA:172,1
DA:174,1
DA:175,2
DA:177,1
DA:179,2
DA:180,1
DA:181,1
DA:187,1
DA:188,1
DA:189,1
DA:190,0
DA:191,0
DA:192,0
DA:195,1
DA:197,3
DA:198,2
DA:199,1
DA:202,2
DA:203,0
DA:204,0
DA:205,0
DA:207,0
DA:208,0
DA:209,0
DA:210,0
DA:212,0
DA:213,0
DA:214,0
DA:215,0
DA:220,1
DA:221,0
DA:224,1
DA:225,5
DA:229,1
DA:230,2
DA:232,2
DA:234,2
DA:235,1
DA:236,0
DA:240,3
DA:241,1
DA:242,4
DA:243,0
DA:247,2
DA:248,4
DA:249,1
DA:252,2
DA:254,4
DA:255,1
DA:258,2
DA:259,0
DA:260,0
DA:265,1
DA:266,1
DA:268,1
DA:269,1
DA:270,2
DA:276,1
DA:277,4
DA:278,3
DA:281,1
DA:282,1
DA:285,1
DA:288,3
DA:289,1
DA:293,1
DA:298,1
DA:301,1
LF:123
LH:85
end_of_record
SF:/run/media/kingwill101/disk2/code/code/dart_packages/routed_ecosystem/packages/routed/lib/src/auth/oauth.dart
DA:14,0
DA:19,0
DA:20,0
DA:24,1
DA:33,1
DA:34,1
DA:35,1
DA:36,1
DA:37,2
DA:38,0
DA:40,1
DA:41,1
DA:55,1
DA:61,0
DA:69,1
DA:76,1
DA:77,1
DA:78,1
DA:79,2
DA:80,0
DA:81,0
DA:82,3
DA:83,0
DA:85,1
DA:88,1
DA:92,1
DA:93,1
DA:94,1
DA:95,3
DA:96,0
DA:98,1
DA:101,0
DA:106,0
DA:107,0
DA:108,0
DA:109,0
DA:110,0
DA:111,0
DA:113,0
DA:116,1
DA:117,1
DA:118,1
DA:119,1
DA:121,2
DA:122,5
DA:123,2
DA:126,2
DA:127,1
DA:132,4
DA:133,0
DA:134,0
DA:135,0
DA:140,2
DA:141,1
DA:146,1
DA:151,0
DA:153,3
DA:155,1
DA:156,2
DA:157,1
DA:158,3
DA:163,1
DA:164,2
DA:165,1
DA:166,3
DA:179,1
DA:199,1
DA:204,0
DA:207,1
DA:212,0
DA:213,1
DA:215,1
DA:216,1
DA:217,0
DA:218,0
DA:221,1
DA:224,1
DA:225,0
DA:226,0
DA:228,0
DA:231,1
DA:232,1
DA:233,1
DA:234,0
DA:235,1
DA:238,1
DA:239,1
DA:244,4
DA:245,0
DA:246,0
DA:247,0
DA:252,2
DA:253,1
DA:254,2
DA:257,2
DA:259,3
DA:264,1
DA:265,2
DA:266,2
DA:267,0
DA:268,0
DA:269,0
DA:270,0
DA:272,3
DA:273,1
DA:274,0
DA:275,0
DA:276,0
DA:277,0
DA:282,1
DA:283,0
DA:284,0
DA:285,0
DA:286,0
DA:287,0
DA:290,1
DA:291,1
DA:292,1
DA:293,1
DA:294,1
DA:297,2
DA:298,2
DA:299,3
DA:300,0
DA:301,0
DA:302,0
DA:303,0
DA:306,2
DA:308,3
DA:309,1
DA:310,1
DA:311,1
DA:312,1
DA:315,1
DA:316,1
DA:317,2
DA:318,2
DA:321,0
DA:324,1
LF:139
LH:89
end_of_record
SF:/run/media/kingwill101/disk2/code/code/dart_packages/routed_ecosystem/packages/routed/lib/src/auth/haigate.dart
DA:19,1
DA:23,0
DA:24,0
DA:28,1
DA:40,0
DA:42,0
DA:46,1
DA:58,1
DA:74,2
DA:76,6
DA:78,1
DA:79,1
DA:81,1
DA:86,2
DA:89,1
DA:90,1
DA:91,1
DA:92,0
DA:94,1
DA:97,0
DA:98,0
DA:101,1
DA:102,1
DA:105,2
DA:107,2
DA:111,0
DA:113,3
DA:114,3
DA:116,0
DA:118,1
DA:119,2
DA:122,0
DA:123,0
DA:126,1
DA:127,2
DA:130,1
DA:131,2
DA:134,1
DA:135,2
DA:138,1
DA:144,2
DA:146,0
DA:152,1
DA:153,1
DA:157,1
DA:163,2
DA:164,1
DA:165,1
DA:176,1
DA:183,1
DA:190,1
DA:199,0
DA:205,0
DA:206,0
DA:218,0
DA:224,0
DA:225,0
DA:237,1
DA:238,3
DA:239,1
DA:243,1
DA:251,3
DA:252,3
DA:253,1
DA:255,1
DA:256,2
DA:257,0
DA:258,1
DA:260,1
DA:266,0
DA:270,1
DA:271,1
DA:272,2
DA:273,1
DA:276,1
LF:75
LH:55
end_of_record
SF:/run/media/kingwill101/disk2/code/code/dart_packages/routed_ecosystem/packages/routed/lib/src/auth/session_auth.dart
DA:17,2
DA:23,1
DA:29,6
DA:31,2
DA:32,1
DA:33,1
DA:34,1
DA:37,1
DA:38,1
DA:39,1
DA:40,2
DA:41,2
DA:61,1
DA:67,3
DA:70,1
DA:72,2
DA:74,3
DA:75,0
DA:78,1
DA:81,1
DA:83,2
DA:88,1
DA:95,3
DA:99,3
DA:107,4
DA:109,2
DA:111,2
DA:113,1
DA:119,3
DA:120,2
DA:126,1
DA:127,0
DA:128,0
DA:131,1
DA:132,2
DA:133,1
DA:135,4
DA:136,5
DA:139,1
DA:140,3
DA:141,2
DA:143,1
DA:144,2
DA:145,5
DA:147,5
DA:150,2
DA:151,4
DA:158,3
DA:165,0
DA:166,0
DA:170,1
DA:171,1
DA:172,2
DA:176,2
DA:178,1
DA:180,1
DA:183,1
DA:184,2
DA:185,1
DA:188,1
DA:189,4
DA:192,5
DA:193,5
DA:194,1
DA:197,3
DA:198,2
DA:200,1
DA:201,3
DA:202,1
DA:203,3
DA:205,5
DA:206,3
DA:207,2
DA:210,1
DA:214,1
DA:215,3
DA:216,3
DA:223,1
DA:224,2
DA:225,1
DA:226,1
DA:228,1
DA:229,2
DA:230,1
DA:231,0
DA:233,2
DA:234,0
DA:236,1
DA:237,2
DA:243,1
DA:244,1
DA:247,1
DA:249,1
DA:255,0
DA:257,9
DA:259,2
DA:261,3
DA:266,3
DA:267,3
DA:268,2
DA:269,1
DA:271,1
DA:274,3
DA:277,1
DA:283,2
DA:291,1
DA:292,2
DA:295,2
DA:296,4
DA:299,1
DA:307,0
DA:313,2
DA:318,73
DA:323,1
DA:325,1
DA:326,1
DA:332,3
DA:334,9
DA:336,3
DA:337,3
DA:340,1
DA:341,1
DA:344,2
DA:346,0
DA:349,1
DA:350,1
DA:351,1
DA:352,2
DA:353,1
DA:357,3
DA:358,1
DA:359,1
DA:360,1
DA:362,2
DA:363,3
DA:364,1
DA:367,1
DA:371,3
DA:375,1
DA:376,1
DA:377,1
DA:379,1
DA:381,2
DA:382,4
DA:383,2
DA:384,2
DA:388,1
DA:394,3
DA:395,3
DA:396,1
DA:398,1
DA:400,1
DA:401,1
DA:403,0
DA:404,0
DA:405,0
DA:408,1
DA:409,0
DA:413,2
DA:414,2
DA:415,2
DA:419,1
DA:420,1
DA:421,3
DA:422,1
LF:165
LH:151
end_of_record
SF:/run/media/kingwill101/disk2/code/code/dart_packages/routed_ecosystem/packages/routed/lib/src/binding/convert/sse.dart
DA:24,1
DA:26,0
DA:28,0
DA:37,0
DA:38,0
DA:41,1
DA:42,1
DA:54,0
DA:56,0
DA:60,0
DA:62,0
DA:63,0
DA:64,0
DA:65,0
DA:66,0
DA:67,0
DA:68,0
DA:70,0
DA:72,0
DA:73,0
DA:77,0
DA:81,0
DA:95,1
DA:97,1
DA:99,1
DA:100,3
DA:102,1
DA:103,3
DA:105,1
DA:106,4
DA:108,3
DA:109,2
DA:112,1
DA:113,1
DA:117,0
DA:119,0
DA:123,0
DA:124,0
DA:127,0
DA:132,0
DA:133,0
LF:41
LH:15
end_of_record
SF:/run/media/kingwill101/disk2/code/code/dart_packages/routed_ecosystem/packages/routed/lib/src/binding/multipart.dart
DA:20,3
DA:38,9
DA:39,3
DA:40,3
DA:41,3
DA:42,3
DA:43,0
DA:48,3
DA:49,1
DA:56,3
DA:57,0
DA:58,3
DA:59,3
DA:60,2
DA:63,3
DA:66,6
DA:67,6
DA:68,3
DA:69,3
DA:75,6
DA:76,3
DA:77,3
DA:79,3
DA:80,2
DA:83,3
DA:85,3
DA:86,0
DA:87,0
DA:92,3
DA:96,1
DA:99,1
DA:100,0
DA:103,1
DA:104,1
DA:109,3
DA:114,3
DA:115,3
DA:121,3
DA:126,3
DA:129,0
DA:130,0
DA:132,0
DA:133,0
DA:135,0
DA:136,0
DA:150,0
DA:152,0
DA:153,0
DA:158,1
DA:163,1
DA:165,2
DA:168,4
DA:174,1
DA:178,1
DA:179,2
DA:181,2
DA:185,3
DA:190,9
DA:192,3
DA:193,3
DA:194,12
DA:197,6
DA:201,0
DA:202,0
DA:203,0
DA:204,0
DA:205,0
DA:209,1
DA:210,1
DA:215,3
DA:216,9
DA:217,3
DA:221,3
DA:222,6
DA:226,3
DA:227,3
DA:228,6
DA:229,9
DA:236,3
DA:237,3
DA:238,6
DA:239,6
DA:242,6
DA:243,6
DA:244,0
DA:247,6
DA:249,0
DA:253,3
DA:254,3
DA:256,12
DA:257,3
DA:261,6
DA:263,12
DA:264,6
DA:265,3
DA:266,3
DA:270,3
DA:272,3
DA:274,9
DA:275,9
DA:276,9
DA:277,9
DA:282,3
DA:283,3
DA:284,12
DA:285,0
DA:286,0
DA:292,3
DA:294,6
DA:295,3
DA:296,3
DA:297,3
DA:301,3
DA:303,6
DA:307,1
DA:314,6
DA:315,4
DA:316,8
DA:317,0
DA:318,0
DA:321,4
DA:324,2
DA:326,2
DA:328,2
DA:331,2
DA:332,2
DA:333,4
DA:334,0
DA:335,0
DA:343,1
DA:345,0
DA:346,0
DA:347,0
DA:348,0
DA:352,1
DA:356,3
DA:367,3
DA:381,3
DA:387,0
DA:388,0
DA:389,0
DA:391,0
DA:396,0
DA:399,1
DA:405,1
DA:406,1
DA:408,1
DA:409,2
DA:410,2
DA:411,3
DA:416,1
DA:424,1
DA:425,1
DA:427,1
DA:429,2
DA:430,2
DA:432,1
DA:434,1
DA:435,1
LF:159
LH:123
end_of_record
SF:/run/media/kingwill101/disk2/code/code/dart_packages/routed_ecosystem/packages/routed/lib/src/config/helpers.dart
DA:6,1
DA:7,2
DA:12,1
DA:13,2
DA:17,1
DA:18,1
DA:22,1
DA:23,1
DA:24,0
DA:26,2
DA:27,1
DA:30,0
LF:12
LH:10
end_of_record
SF:/run/media/kingwill101/disk2/code/code/dart_packages/routed_ecosystem/packages/routed/lib/src/config/loader.dart
DA:22,73
DA:34,59
DA:45,59
DA:46,0
DA:47,59
DA:48,59
DA:49,59
DA:50,59
DA:51,59
DA:52,59
DA:54,59
DA:55,59
DA:59,1
DA:60,1
DA:68,61
DA:76,61
DA:88,61
DA:92,119
DA:93,122
DA:94,61
DA:96,61
DA:98,61
DA:99,61
DA:104,122
DA:105,122
DA:106,4
DA:108,183
DA:109,61
DA:113,61
DA:114,61
DA:115,61
DA:116,122
DA:117,61
DA:118,61
DA:119,61
DA:120,61
DA:121,122
DA:126,122
DA:127,61
DA:129,90
DA:130,29
DA:131,29
DA:132,38
DA:133,19
DA:134,0
DA:135,0
DA:136,0
DA:143,61
DA:151,61
DA:152,29
DA:155,63
DA:156,2
DA:159,61
DA:166,1
DA:167,2
DA:168,1
DA:169,0
DA:172,61
DA:177,61
DA:178,61
DA:180,122
DA:182,61
DA:183,61
DA:184,61
DA:185,122
DA:187,61
DA:189,61
DA:190,61
DA:195,122
DA:196,61
DA:197,61
DA:198,2
DA:199,2
DA:201,4
DA:202,6
DA:203,4
DA:205,4
DA:206,2
DA:207,1
DA:212,61
DA:219,61
DA:226,122
DA:227,61
DA:229,122
DA:233,183
DA:234,61
DA:237,61
DA:242,61
DA:248,3
DA:249,3
DA:250,3
DA:251,6
DA:252,9
DA:255,3
DA:256,7
DA:258,6
DA:259,6
DA:260,3
DA:262,6
DA:266,3
DA:270,9
DA:272,3
DA:273,6
DA:275,3
DA:276,2
DA:277,2
DA:278,3
DA:279,1
DA:280,3
DA:281,3
DA:282,1
DA:283,1
DA:288,0
DA:295,3
DA:297,3
DA:298,3
DA:299,3
DA:300,9
DA:306,3
DA:307,3
DA:308,2
DA:310,3
DA:311,3
DA:313,3
DA:314,0
DA:319,1
DA:320,1
DA:321,1
DA:322,1
DA:324,2
DA:325,1
DA:326,2
DA:330,1
DA:335,1
DA:336,0
DA:337,0
DA:338,0
DA:342,0
DA:343,0
DA:344,0
DA:348,2
DA:353,2
DA:354,2
DA:355,1
DA:356,2
DA:357,1
DA:363,3
DA:365,0
DA:367,0
DA:369,0
DA:374,1
DA:379,1
DA:381,3
DA:382,0
DA:383,0
DA:384,0
DA:387,0
DA:388,0
DA:392,2
DA:395,1
DA:396,1
DA:398,1
DA:399,1
DA:400,0
DA:403,1
DA:404,0
DA:407,1
DA:408,0
DA:409,0
DA:412,2
DA:413,1
DA:416,0
DA:421,0
DA:429,61
DA:434,61
DA:435,61
DA:440,61
DA:441,183
DA:442,61
DA:443,61
DA:448,183
DA:449,61
DA:450,183
DA:451,61
DA:452,183
DA:455,1
DA:456,2
DA:457,1
DA:460,0
DA:462,1
DA:464,0
DA:465,1
DA:466,1
DA:467,1
DA:469,1
DA:473,0
DA:474,0
DA:475,0
DA:476,0
DA:477,0
DA:480,0
DA:486,61
DA:491,61
DA:493,61
DA:495,1
DA:496,61
DA:497,62
DA:498,61
DA:505,3
DA:510,6
DA:514,1
DA:515,1
DA:516,1
DA:518,0
DA:519,0
DA:524,0
DA:525,0
DA:526,0
DA:527,0
DA:528,0
DA:529,0
DA:530,0
DA:532,0
DA:533,0
DA:534,0
DA:539,0
DA:540,0
DA:541,0
DA:546,0
DA:547,0
DA:549,0
DA:550,0
DA:557,0
DA:558,0
DA:561,0
DA:563,0
DA:564,0
DA:565,0
DA:566,0
DA:568,0
DA:569,0
DA:570,0
DA:571,0
DA:573,0
DA:574,0
DA:575,0
DA:576,0
DA:578,0
DA:582,0
DA:586,0
DA:587,0
DA:588,0
DA:593,61
DA:598,61
DA:599,61
DA:600,61
DA:601,122
DA:602,122
DA:603,61
DA:604,121
DA:605,2
DA:610,61
DA:611,61
DA:612,61
DA:613,121
DA:619,61
DA:620,61
DA:621,61
DA:624,122
DA:627,2
DA:628,2
DA:629,2
DA:630,4
DA:631,2
DA:632,4
DA:636,2
DA:637,4
DA:641,4
DA:642,6
DA:644,2
DA:645,2
DA:646,0
DA:649,2
DA:660,61
LF:284
LH:209
end_of_record
SF:/run/media/kingwill101/disk2/code/code/dart_packages/routed_ecosystem/packages/routed/lib/src/config/registry.dart
DA:10,60
DA:14,60
DA:15,60
DA:16,60
DA:18,60
DA:32,60
DA:37,60
DA:38,60
DA:43,120
DA:44,180
DA:45,120
DA:46,118
DA:47,177
DA:49,119
DA:50,59
DA:54,59
DA:55,177
DA:58,177
DA:60,0
DA:62,59
DA:63,118
DA:66,35
DA:67,70
DA:70,59
DA:74,118
DA:75,118
DA:76,177
DA:77,118
DA:78,59
DA:87,59
DA:88,118
DA:91,59
DA:93,59
DA:94,177
DA:95,59
DA:97,118
DA:98,59
DA:99,59
DA:102,59
DA:105,0
DA:106,0
DA:109,0
LF:42
LH:38
end_of_record
SF:/run/media/kingwill101/disk2/code/code/dart_packages/routed_ecosystem/packages/routed/lib/src/config/runtime.dart
DA:6,3
DA:7,3
DA:10,2
DA:11,2
LF:4
LH:4
end_of_record
SF:/run/media/kingwill101/disk2/code/code/dart_packages/routed_ecosystem/packages/routed/lib/src/context/error.dart
DA:12,1
DA:18,0
DA:20,0
DA:21,0
DA:25,0
DA:26,0
DA:27,0
DA:31,0
DA:32,0
DA:33,0
DA:45,2
DA:48,1
DA:56,1
DA:58,2
DA:60,4
DA:61,0
DA:64,5
DA:68,1
DA:69,2
DA:72,0
DA:73,0
DA:74,0
DA:75,0
DA:76,0
DA:80,0
DA:81,0
DA:82,0
DA:83,0
DA:84,0
DA:91,1
DA:94,0
DA:100,0
DA:103,0
DA:107,0
DA:113,0
DA:116,0
DA:120,0
DA:126,0
DA:129,0
DA:133,0
DA:139,0
DA:142,0
DA:148,0
DA:151,0
DA:155,0
LF:45
LH:10
end_of_record
SF:/run/media/kingwill101/disk2/code/code/dart_packages/routed_ecosystem/packages/routed/lib/src/context/proxy.dart
DA:10,0
DA:11,0
DA:13,0
DA:14,0
DA:17,0
DA:18,0
DA:19,0
DA:24,0
DA:25,0
DA:26,0
DA:29,0
DA:30,0
DA:34,0
DA:35,0
DA:36,0
DA:39,0
DA:42,0
DA:43,0
DA:44,0
DA:48,0
DA:49,0
DA:53,0
DA:54,0
DA:56,0
DA:73,0
LF:25
LH:0
end_of_record
SF:/run/media/kingwill101/disk2/code/code/dart_packages/routed_ecosystem/packages/routed/lib/src/context/context.dart
DA:84,8
DA:87,129
DA:90,43
DA:91,43
DA:93,0
DA:99,45
DA:110,45
DA:111,43
DA:112,43
DA:122,0
DA:123,0
DA:124,0
DA:128,1
DA:129,1
DA:130,2
DA:134,4
DA:135,8
DA:138,4
DA:141,15
DA:142,0
DA:146,15
DA:147,3
DA:148,6
DA:149,6
DA:153,8
DA:158,2
DA:159,4
DA:161,10
DA:162,4
DA:166,36
DA:169,0
DA:170,0
DA:172,0
DA:178,42
DA:179,84
DA:183,80
DA:186,10
DA:187,10
DA:191,2
DA:192,4
DA:193,2
DA:194,4
DA:196,2
DA:200,0
DA:201,0
DA:202,0
DA:203,0
DA:204,0
DA:209,0
DA:210,0
DA:211,0
DA:216,3
DA:219,21
DA:222,0
DA:225,12
DA:228,6
DA:231,9
DA:234,72
DA:237,43
DA:238,86
DA:239,43
DA:240,43
DA:244,43
DA:245,172
DA:246,0
DA:248,86
DA:249,172
DA:250,129
DA:251,86
DA:252,43
DA:255,0
DA:259,43
DA:260,43
DA:261,43
DA:268,0
DA:272,0
DA:273,0
DA:277,0
DA:278,0
DA:280,0
DA:281,0
DA:286,0
DA:288,0
DA:289,0
DA:292,0
DA:295,0
DA:297,0
DA:302,0
DA:303,0
DA:307,3
DA:317,6
DA:330,0
DA:331,0
DA:335,3
DA:336,6
DA:337,3
DA:346,1
DA:347,1
DA:348,2
DA:349,2
DA:351,1
DA:355,0
DA:356,0
DA:360,1
DA:361,1
DA:363,4
DA:364,2
DA:365,1
DA:372,0
DA:373,0
DA:377,0
DA:378,0
DA:379,0
DA:380,0
DA:381,0
DA:388,40
DA:389,80
DA:393,40
DA:394,80
DA:395,40
DA:396,40
DA:400,5
DA:401,5
DA:402,20
DA:403,15
DA:406,0
DA:408,0
DA:411,0
DA:415,3
DA:416,9
DA:419,0
DA:420,0
DA:428,2
DA:429,4
DA:433,2
DA:434,4
DA:438,43
DA:439,86
LF:138
LH:88
end_of_record
SF:/run/media/kingwill101/disk2/code/code/dart_packages/routed_ecosystem/packages/routed/lib/src/context/binding.dart
DA:9,0
DA:10,0
DA:17,0
DA:19,0
DA:21,0
DA:29,1
DA:30,1
DA:37,1
DA:38,1
DA:39,2
DA:40,3
DA:41,1
DA:48,0
DA:49,0
DA:56,0
DA:57,0
DA:58,0
DA:65,1
DA:70,1
DA:71,2
DA:72,3
DA:73,1
LF:22
LH:12
end_of_record
SF:/run/media/kingwill101/disk2/code/code/dart_packages/routed_ecosystem/packages/routed/lib/src/context/cache.dart
DA:4,1
DA:5,2
DA:6,2
DA:8,0
DA:11,1
DA:17,1
DA:18,3
DA:19,2
DA:22,1
DA:23,1
DA:24,3
DA:25,1
DA:28,0
DA:29,0
DA:30,0
DA:31,0
DA:34,1
DA:39,1
DA:40,3
DA:41,1
DA:44,1
DA:49,1
DA:50,3
DA:51,1
DA:54,0
DA:55,0
DA:56,0
DA:57,0
DA:60,1
DA:66,1
DA:67,3
DA:68,1
DA:71,0
DA:76,0
DA:77,0
DA:78,0
LF:36
LH:23
end_of_record
SF:/run/media/kingwill101/disk2/code/code/dart_packages/routed_ecosystem/packages/routed/lib/src/context/multipart.dart
DA:5,2
DA:6,2
DA:7,4
DA:12,2
DA:13,2
DA:14,12
DA:18,0
DA:19,0
DA:20,0
DA:21,0
DA:22,0
DA:26,1
DA:27,1
DA:28,1
DA:32,2
DA:33,2
DA:34,4
DA:35,2
DA:36,1
DA:40,1
DA:41,1
DA:42,2
DA:43,1
DA:44,0
DA:45,1
DA:46,4
DA:48,0
DA:52,0
DA:53,0
DA:54,0
DA:58,0
DA:59,0
LF:32
LH:20
end_of_record
SF:/run/media/kingwill101/disk2/code/code/dart_packages/routed_ecosystem/packages/routed/lib/src/context/negotiation.dart
DA:9,0
DA:14,0
DA:15,0
DA:16,0
DA:22,0
DA:33,0
DA:39,0
DA:40,0
DA:41,0
DA:43,0
DA:46,0
DA:47,0
DA:54,0
DA:56,0
DA:57,0
DA:59,0
DA:62,0
DA:64,0
DA:65,0
DA:67,0
DA:70,0
DA:71,0
DA:73,0
DA:81,0
DA:82,0
DA:84,0
DA:85,0
DA:86,0
DA:87,0
DA:88,0
DA:94,0
LF:31
LH:0
end_of_record
SF:/run/media/kingwill101/disk2/code/code/dart_packages/routed_ecosystem/packages/routed/lib/src/context/query.dart
DA:5,0
DA:6,0
DA:11,0
DA:12,0
DA:13,0
DA:14,0
DA:15,0
DA:16,0
DA:24,0
DA:25,0
DA:26,0
DA:31,0
DA:32,0
DA:38,0
DA:39,0
DA:43,0
DA:44,0
DA:48,0
DA:49,0
DA:52,0
DA:53,0
DA:55,0
DA:56,0
LF:23
LH:0
end_of_record
SF:/run/media/kingwill101/disk2/code/code/dart_packages/routed_ecosystem/packages/routed/lib/src/context/render.dart
DA:5,40
DA:8,120
DA:9,2
DA:12,40
DA:14,40
DA:15,2
DA:16,2
DA:17,1
DA:21,80
DA:23,0
DA:24,0
DA:26,40
DA:29,22
DA:30,66
DA:31,4
DA:33,44
DA:34,44
DA:37,0
DA:42,0
DA:43,0
DA:46,0
DA:47,0
DA:48,0
DA:51,0
DA:56,0
DA:57,0
DA:60,0
DA:61,0
DA:62,0
DA:65,31
DA:66,62
DA:67,62
DA:70,0
DA:71,0
DA:72,0
DA:75,0
DA:76,0
DA:77,0
DA:80,0
DA:85,0
DA:86,0
DA:89,0
DA:93,0
DA:96,0
DA:101,0
DA:103,0
DA:107,0
DA:112,0
DA:113,0
DA:121,0
DA:124,0
DA:127,1
DA:133,2
DA:134,0
DA:136,1
DA:138,1
DA:142,2
DA:147,0
DA:149,0
DA:150,0
DA:151,0
DA:153,0
DA:154,0
DA:156,0
DA:157,0
DA:161,0
DA:163,0
DA:164,0
DA:165,0
DA:167,0
DA:168,0
DA:170,0
DA:171,0
DA:175,0
DA:177,0
DA:178,0
DA:180,0
DA:182,0
DA:183,0
DA:185,0
DA:188,0
DA:190,0
DA:194,0
DA:195,0
DA:197,0
DA:198,0
DA:202,0
DA:203,0
DA:206,0
DA:207,0
DA:210,0
DA:217,0
DA:219,0
DA:226,0
LF:94
LH:23
end_of_record
SF:/run/media/kingwill101/disk2/code/code/dart_packages/routed_ecosystem/packages/routed/lib/src/context/session.dart
DA:6,5
DA:7,5
DA:9,1
DA:15,9
DA:17,3
DA:18,6
DA:21,1
DA:22,1
DA:24,1
DA:25,1
DA:26,1
DA:27,2
DA:30,1
DA:32,1
DA:36,1
DA:37,1
DA:41,1
DA:42,3
DA:46,1
DA:47,3
DA:51,4
DA:54,4
DA:57,0
DA:60,0
DA:63,3
DA:66,3
DA:69,0
DA:72,1
DA:73,2
DA:77,3
DA:85,0
DA:87,0
DA:88,0
DA:89,0
DA:91,0
DA:100,0
DA:106,0
DA:107,0
DA:109,0
DA:110,0
DA:111,0
DA:113,0
DA:116,0
DA:119,0
DA:120,0
DA:121,0
DA:122,0
DA:123,0
DA:125,0
DA:131,0
DA:132,0
DA:133,0
DA:135,0
DA:136,0
DA:141,0
DA:142,0
DA:143,0
LF:57
LH:27
end_of_record
SF:/run/media/kingwill101/disk2/code/code/dart_packages/routed_ecosystem/packages/routed/lib/src/context/shortcuts.dart
DA:8,1
DA:12,1
DA:13,2
DA:19,1
DA:23,1
DA:24,1
LF:6
LH:6
end_of_record
SF:/run/media/kingwill101/disk2/code/code/dart_packages/routed_ecosystem/packages/routed/lib/src/context/sse.dart
DA:80,1
DA:85,1
DA:87,2
DA:88,1
DA:89,1
DA:90,1
DA:92,2
DA:95,2
DA:98,2
DA:99,2
DA:100,2
DA:102,1
DA:108,1
DA:111,1
DA:112,2
DA:116,3
DA:118,2
DA:119,0
DA:126,1
DA:127,2
DA:131,1
DA:133,2
DA:138,1
DA:143,1
DA:144,0
DA:147,0
DA:150,2
DA:152,2
DA:155,1
DA:156,1
DA:160,5
DA:161,1
DA:162,0
DA:167,1
DA:168,1
DA:173,1
DA:174,0
DA:175,0
DA:178,1
DA:179,1
DA:181,1
DA:182,1
DA:188,1
DA:189,2
DA:191,2
DA:197,1
DA:199,0
DA:203,0
DA:206,0
DA:208,0
DA:212,0
DA:213,0
DA:216,0
DA:222,1
DA:224,1
LF:55
LH:42
end_of_record
SF:/run/media/kingwill101/disk2/code/code/dart_packages/routed_ecosystem/packages/routed/lib/src/engine/config.dart
DA:65,63
DA:113,73
DA:123,59
DA:129,59
DA:130,59
DA:131,59
DA:132,59
DA:133,59
DA:156,0
DA:192,0
DA:216,73
DA:243,73
DA:301,73
DA:315,1
DA:325,1
DA:326,1
DA:327,1
DA:328,1
DA:330,1
DA:331,1
DA:332,1
DA:333,1
DA:334,0
DA:392,73
DA:477,63
DA:530,62
DA:535,63
DA:536,2
DA:539,63
DA:540,0
DA:543,63
DA:544,2
DA:545,1
DA:560,1
DA:561,2
DA:562,0
DA:566,4
DA:569,2
DA:570,3
DA:571,1
DA:572,1
DA:573,1
DA:575,1
DA:576,1
DA:577,2
DA:578,2
DA:579,0
DA:585,1
DA:586,4
DA:589,1
DA:599,1
DA:600,2
DA:601,0
DA:605,2
DA:606,2
DA:607,1
DA:608,1
DA:609,2
DA:610,3
DA:612,1
DA:613,0
DA:620,59
DA:621,59
DA:624,0
DA:625,0
DA:626,0
DA:630,0
DA:631,0
DA:634,118
DA:636,0
DA:637,0
DA:638,0
DA:642,0
DA:646,59
DA:676,59
DA:677,59
DA:679,59
DA:680,59
DA:682,59
DA:683,59
DA:685,59
DA:686,59
DA:687,59
DA:688,59
DA:689,59
DA:690,59
DA:691,59
DA:692,59
DA:693,59
DA:694,59
DA:695,59
DA:697,59
DA:698,59
DA:699,59
DA:700,59
DA:701,58
DA:702,58
DA:703,59
DA:704,59
DA:706,59
DA:708,59
DA:709,59
DA:710,59
DA:714,118
DA:715,3
DA:768,6
DA:783,3
DA:785,3
DA:798,2
DA:806,1
DA:808,2
DA:811,0
DA:813,0
DA:818,2
DA:820,2
DA:825,2
DA:826,2
DA:827,2
DA:830,2
DA:831,2
DA:842,2
DA:852,2
DA:854,0
DA:857,0
DA:859,0
DA:863,2
DA:865,2
DA:872,2
DA:873,2
DA:874,2
DA:877,2
DA:878,2
LF:132
LH:110
end_of_record
SF:/run/media/kingwill101/disk2/code/code/dart_packages/routed_ecosystem/packages/routed/lib/src/engine/patterns.dart
DA:8,6
DA:9,4
DA:14,18
DA:15,6
DA:18,4
DA:20,6
DA:23,2
DA:25,6
DA:29,6
DA:30,6
DA:31,6
DA:32,6
DA:33,6
DA:37,6
DA:38,6
DA:41,24
DA:45,21
DA:52,0
DA:57,0
DA:64,0
DA:65,0
DA:71,3
DA:72,9
DA:78,7
DA:79,14
DA:86,0
DA:91,0
DA:94,5
DA:95,10
DA:98,0
DA:100,0
DA:101,0
LF:32
LH:23
end_of_record
SF:/run/media/kingwill101/disk2/code/code/dart_packages/routed_ecosystem/packages/routed/lib/src/engine/engine_route.dart
DA:52,44
DA:60,88
DA:61,88
DA:64,0
DA:70,0
DA:74,0
DA:75,0
DA:76,0
DA:82,42
DA:84,42
DA:85,1
DA:90,252
DA:91,110
DA:94,22
DA:97,126
DA:98,7
DA:102,0
DA:105,41
DA:106,41
DA:114,0
DA:118,0
DA:119,0
DA:121,0
DA:122,0
DA:123,0
DA:124,0
DA:126,0
DA:127,0
DA:133,0
DA:142,0
DA:145,0
DA:149,42
DA:151,84
DA:152,0
DA:154,89
DA:155,5
DA:157,0
DA:158,0
DA:164,5
DA:171,15
DA:176,0
DA:177,0
DA:182,0
DA:184,0
DA:188,0
DA:189,0
DA:193,5
DA:196,5
DA:199,10
DA:203,0
DA:204,0
DA:222,42
DA:224,126
DA:226,126
DA:227,0
DA:228,0
DA:231,0
DA:232,0
DA:236,0
DA:237,0
DA:242,0
DA:249,0
DA:250,0
DA:258,0
DA:260,0
DA:261,0
DA:262,0
DA:266,45
DA:268,90
DA:269,3
DA:272,45
DA:276,91
DA:277,1
DA:278,2
DA:279,1
DA:283,92
DA:284,2
DA:285,4
DA:286,2
DA:290,97
DA:291,7
DA:292,7
DA:295,7
DA:297,3
DA:300,14
DA:306,7
DA:309,135
DA:318,8
DA:329,45
DA:335,0
DA:336,0
DA:339,0
DA:342,0
DA:344,0
DA:345,0
DA:346,0
LF:96
LH:47
end_of_record
SF:/run/media/kingwill101/disk2/code/code/dart_packages/routed_ecosystem/packages/routed/lib/src/container/container_mixin.dart
DA:63,120
DA:74,60
DA:75,60
DA:76,60
DA:77,60
DA:78,120
DA:79,60
DA:80,60
DA:81,60
DA:84,120
DA:85,120
DA:86,60
DA:87,6
DA:100,58
DA:101,58
DA:104,116
DA:105,116
DA:108,58
DA:123,43
DA:124,86
DA:125,86
DA:126,43
DA:127,43
DA:129,86
DA:130,86
DA:131,129
DA:132,43
DA:145,43
DA:146,86
DA:147,43
DA:152,35
DA:153,70
DA:154,70
DA:158,7
DA:159,14
DA:160,7
DA:161,14
DA:175,36
DA:188,0
DA:190,60
DA:191,60
DA:194,180
DA:195,60
LF:43
LH:42
end_of_record
SF:/run/media/kingwill101/disk2/code/code/dart_packages/routed_ecosystem/packages/routed/lib/src/engine/mount.dart
DA:12,45
DA:13,45
DA:17,2
DA:23,2
DA:31,1
DA:32,2
DA:35,2
DA:36,0
DA:37,0
DA:38,0
DA:44,0
DA:50,0
DA:52,0
LF:13
LH:7
end_of_record
SF:/run/media/kingwill101/disk2/code/code/dart_packages/routed_ecosystem/packages/routed/lib/src/engine/engine.dart
DA:158,177
DA:161,57
DA:210,3
DA:213,0
DA:215,3
DA:217,4
DA:219,2
DA:220,2
DA:222,21
DA:224,21
DA:225,21
DA:228,2
DA:229,2
DA:279,60
DA:288,59
DA:289,60
DA:294,59
DA:297,2
DA:298,4
DA:299,2
DA:303,27
DA:304,60
DA:305,59
DA:309,59
DA:314,59
DA:317,59
DA:319,59
DA:320,177
DA:323,59
DA:324,59
DA:325,177
DA:328,60
DA:329,60
DA:332,59
DA:335,118
DA:338,118
DA:339,59
DA:340,59
DA:342,118
DA:343,59
DA:345,0
DA:346,0
DA:350,118
DA:351,177
DA:354,59
DA:357,59
DA:358,177
DA:360,58
DA:361,58
DA:362,116
DA:363,0
DA:365,0
DA:367,0
DA:371,59
DA:372,236
DA:375,118
DA:376,118
DA:377,59
DA:379,59
DA:380,59
DA:382,59
DA:383,118
DA:384,59
DA:385,59
DA:390,59
DA:392,118
DA:394,118
DA:395,59
DA:399,59
DA:401,118
DA:402,59
DA:405,59
DA:409,118
DA:410,124
DA:411,16
DA:412,6
DA:416,118
DA:417,59
DA:419,77
DA:422,59
DA:423,118
DA:424,118
DA:426,59
DA:430,59
DA:431,233
DA:432,59
DA:433,177
DA:434,59
DA:435,59
DA:436,59
DA:438,118
DA:439,65
DA:440,6
DA:441,12
DA:442,12
DA:444,6
DA:447,12
DA:451,59
DA:454,59
DA:456,59
DA:457,59
DA:458,118
DA:459,118
DA:462,59
DA:464,118
DA:466,177
DA:467,177
DA:472,118
DA:473,118
DA:474,118
DA:475,59
DA:476,118
DA:480,118
DA:482,59
DA:483,177
DA:487,59
DA:488,59
DA:489,236
DA:494,59
DA:495,59
DA:496,59
DA:497,65
DA:498,12
DA:499,30
DA:507,60
DA:509,120
DA:510,120
DA:511,60
DA:512,59
DA:513,59
DA:516,60
DA:521,60
DA:523,0
DA:524,177
DA:526,60
DA:528,177
DA:529,0
DA:531,60
DA:532,118
DA:534,60
DA:536,59
DA:537,5
DA:538,5
DA:540,10
DA:541,5
DA:542,5
DA:543,5
DA:544,5
DA:545,5
DA:546,5
DA:550,5
DA:553,5
DA:554,5
DA:562,60
DA:565,60
DA:568,118
DA:569,118
DA:570,118
DA:571,118
DA:592,0
DA:593,0
DA:594,0
DA:595,0
DA:596,0
DA:598,0
DA:599,0
DA:600,0
DA:618,0
DA:619,0
DA:620,0
DA:621,0
DA:646,1
DA:647,1
DA:649,2
DA:651,2
DA:655,1
DA:657,2
DA:658,3
DA:664,4
DA:665,1
DA:666,0
DA:667,0
DA:668,0
DA:673,5
DA:674,1
DA:675,0
DA:676,0
DA:677,0
DA:681,1
DA:684,2
DA:686,3
DA:687,3
DA:715,3
DA:720,3
DA:721,9
DA:736,45
DA:737,45
DA:738,90
DA:739,90
DA:741,90
DA:742,90
DA:745,90
DA:747,90
DA:749,45
DA:752,45
DA:754,135
DA:755,45
DA:756,45
DA:757,45
DA:759,45
DA:760,45
DA:761,45
DA:765,90
DA:766,89
DA:768,132
DA:771,44
DA:773,44
DA:776,44
DA:777,44
DA:779,41
DA:780,82
DA:781,48
DA:783,44
DA:785,44
DA:786,132
DA:790,88
DA:791,25
DA:792,144
DA:794,0
DA:795,0
DA:799,44
DA:800,18
DA:801,0
DA:803,18
DA:806,88
DA:809,90
DA:810,46
DA:811,3
DA:812,1
DA:814,1
DA:816,1
DA:818,3
DA:820,1
DA:821,1
DA:822,1
DA:828,45
DA:832,45
DA:833,45
DA:834,44
DA:839,3
DA:840,3
DA:841,6
DA:845,0
DA:846,0
DA:847,0
DA:848,0
DA:852,44
DA:853,44
DA:854,88
DA:855,88
DA:858,43
DA:862,43
DA:865,43
DA:866,0
DA:868,43
DA:869,43
DA:872,45
DA:873,45
DA:876,180
DA:877,45
DA:885,0
DA:886,0
DA:888,0
DA:889,0
DA:890,0
DA:891,0
DA:892,0
DA:893,0
DA:894,0
DA:898,0
DA:899,0
DA:903,0
DA:904,0
DA:905,0
DA:906,0
DA:907,0
DA:908,0
DA:912,0
DA:918,44
DA:919,87
DA:920,44
DA:921,2
DA:923,2
DA:924,0
DA:925,4
DA:926,0
DA:928,2
DA:936,3
DA:942,0
DA:945,6
DA:947,41
DA:948,123
DA:949,41
DA:950,0
DA:951,82
DA:955,43
DA:956,86
DA:957,82
DA:958,81
DA:959,41
DA:967,1
DA:972,1
DA:973,1
DA:974,3
DA:977,1
DA:978,1
DA:987,43
DA:988,43
DA:989,0
DA:992,86
DA:993,5
DA:995,151
DA:997,0
DA:998,0
DA:999,0
DA:1002,73
DA:1003,43
DA:1004,43
DA:1006,43
DA:1010,43
DA:1013,82
DA:1015,43
DA:1020,35
DA:1021,35
DA:1022,35
DA:1024,16
DA:1026,35
DA:1027,35
DA:1030,1
DA:1032,1
DA:1034,35
DA:1035,16
DA:1036,14
DA:1037,14
DA:1038,28
DA:1040,35
DA:1041,35
DA:1042,70
DA:1049,12
DA:1050,24
DA:1051,12
DA:1052,12
DA:1055,12
DA:1056,24
DA:1059,12
DA:1062,32
DA:1063,32
DA:1064,64
DA:1066,32
DA:1067,32
DA:1068,64
DA:1070,22
DA:1071,12
DA:1072,0
DA:1077,22
DA:1079,2
DA:1080,2
DA:1081,2
DA:1082,2
DA:1085,2
DA:1086,0
DA:1087,0
DA:1088,0
DA:1090,2
DA:1094,2
DA:1095,2
DA:1096,4
DA:1097,2
DA:1100,1
DA:1101,1
DA:1102,0
DA:1103,0
DA:1104,0
DA:1106,1
DA:1109,22
DA:1110,44
DA:1111,22
DA:1112,46
DA:1113,2
DA:1114,2
DA:1115,4
DA:1119,2
DA:1120,4
DA:1123,1
DA:1124,1
DA:1125,2
DA:1129,0
DA:1130,0
DA:1135,1
DA:1138,1
DA:1140,1
DA:1141,1
DA:1144,4
DA:1146,3
DA:1149,2
DA:1150,2
DA:1151,1
DA:1152,1
DA:1161,7
DA:1165,14
DA:1166,7
DA:1167,7
DA:1168,14
DA:1172,58
DA:1173,116
DA:1174,58
DA:1175,58
DA:1176,58
DA:1177,58
DA:1178,58
DA:1182,2
DA:1192,2
DA:1202,2
DA:1206,5
DA:1207,10
DA:1210,1
DA:1211,2
DA:1215,1
DA:1218,1
DA:1219,2
DA:1222,1
DA:1223,2
DA:1226,1
DA:1227,2
DA:1230,58
DA:1231,58
DA:1234,116
DA:1237,58
DA:1238,116
DA:1239,116
DA:1242,58
DA:1243,116
DA:1246,114
DA:1247,57
DA:1252,1
DA:1262,2
DA:1263,1
DA:1265,3
DA:1266,0
DA:1269,0
DA:1270,0
DA:1271,2
DA:1272,2
DA:1274,2
DA:1275,2
DA:1278,0
DA:1284,1
DA:1285,1
DA:1286,1
DA:1288,3
DA:1289,3
DA:1290,0
DA:1291,0
DA:1295,1
DA:1305,1
DA:1306,2
DA:1308,1
DA:1309,0
DA:1310,0
DA:1312,1
DA:1313,1
DA:1315,0
DA:1316,0
DA:1320,0
DA:1322,0
DA:1323,0
DA:1324,0
DA:1325,0
DA:1329,2
DA:1333,1
DA:1335,2
DA:1337,1
DA:1338,2
DA:1340,1
DA:1344,0
DA:1346,0
DA:1355,0
DA:1357,0
DA:1361,0
DA:1363,0
DA:1365,0
DA:1367,0
DA:1369,0
DA:1370,0
DA:1374,1
DA:1379,1
DA:1380,1
DA:1382,0
DA:1391,59
DA:1392,118
DA:1395,59
DA:1396,65
DA:1397,18
DA:1398,6
DA:1402,59
DA:1403,59
DA:1404,124
DA:1405,12
DA:1407,59
DA:1408,118
LF:510
LH:415
end_of_record
SF:/run/media/kingwill101/disk2/code/code/dart_packages/routed_ecosystem/packages/routed/lib/src/engine/error_handling.dart
DA:18,240
DA:20,0
DA:32,1
DA:33,2
DA:36,1
DA:37,2
DA:40,1
DA:41,2
DA:42,1
DA:43,2
DA:44,2
DA:49,5
DA:55,6
DA:56,1
DA:60,5
DA:66,6
DA:67,1
DA:68,1
DA:81,5
DA:87,6
DA:88,1
DA:92,0
DA:93,0
DA:94,0
DA:95,0
DA:96,0
DA:100,1
DA:108,3
DA:110,0
DA:116,1
DA:125,3
DA:127,1
DA:134,1
DA:135,3
DA:139,0
DA:144,0
DA:145,0
LF:37
LH:27
end_of_record
SF:/run/media/kingwill101/disk2/code/code/dart_packages/routed_ecosystem/packages/routed/lib/src/static_files.dart
DA:7,2
DA:8,2
DA:10,2
DA:11,2
DA:13,0
DA:17,2
DA:18,2
DA:21,4
DA:25,2
DA:26,4
DA:27,0
DA:32,2
DA:33,2
DA:35,2
DA:36,2
DA:37,2
DA:40,4
DA:41,4
DA:44,2
DA:45,4
DA:48,2
DA:49,4
DA:50,0
DA:55,2
DA:56,2
DA:58,2
DA:59,2
DA:60,2
DA:61,2
DA:64,4
DA:65,4
LF:31
LH:28
end_of_record
SF:/run/media/kingwill101/disk2/code/code/dart_packages/routed_ecosystem/packages/routed/lib/src/engine/engine_routing.dart
DA:30,40
DA:36,40
DA:37,80
DA:60,14
DA:66,14
DA:67,28
DA:90,3
DA:96,3
DA:97,6
DA:119,1
DA:125,1
DA:126,2
DA:149,1
DA:155,1
DA:156,2
DA:178,1
DA:184,1
DA:185,2
DA:209,1
DA:215,1
DA:216,2
DA:230,0
DA:235,0
DA:236,0
DA:254,1
DA:261,1
DA:262,2
DA:289,1
DA:293,1
DA:297,2
DA:302,1
DA:325,3
DA:330,3
DA:331,6
LF:34
LH:31
end_of_record
SF:/run/media/kingwill101/disk2/code/code/dart_packages/routed_ecosystem/packages/routed/lib/src/engine/param_utils.dart
DA:19,0
DA:20,0
DA:21,0
DA:22,0
DA:24,0
DA:28,0
DA:30,0
DA:31,0
DA:32,0
DA:34,0
DA:43,0
DA:44,0
DA:47,0
DA:48,0
DA:49,0
LF:15
LH:0
end_of_record
SF:/run/media/kingwill101/disk2/code/code/dart_packages/routed_ecosystem/packages/routed/lib/src/engine/request.dart
DA:16,0
DA:22,0
DA:23,0
DA:26,0
DA:27,0
DA:29,0
DA:31,0
DA:32,0
DA:33,0
DA:34,0
DA:36,0
DA:41,0
DA:44,0
DA:47,0
DA:50,0
DA:53,0
DA:56,0
DA:57,0
DA:62,0
DA:63,0
DA:65,0
DA:66,0
DA:67,0
DA:68,0
DA:73,43
DA:74,43
DA:77,1
DA:78,1
DA:81,2
DA:84,3
DA:85,2
DA:86,2
DA:87,2
DA:92,1
DA:100,2
DA:103,1
DA:111,2
DA:113,1
DA:130,43
DA:134,43
DA:136,43
DA:137,1
DA:139,86
DA:140,43
DA:142,129
DA:143,2
DA:146,43
DA:147,43
DA:148,43
DA:150,0
DA:152,43
DA:153,43
DA:156,43
DA:157,43
DA:158,85
DA:159,126
DA:161,43
DA:164,84
DA:165,41
DA:166,41
DA:167,20
DA:168,40
DA:176,86
DA:177,9
DA:179,6
DA:180,9
DA:182,9
DA:187,9
DA:188,15
DA:189,6
DA:190,6
DA:191,5
DA:192,5
DA:194,0
DA:200,2
DA:201,2
DA:204,6
DA:205,4
DA:206,2
DA:207,2
DA:208,2
DA:217,2
DA:218,4
DA:224,43
DA:225,127
DA:226,43
DA:227,42
DA:229,124
DA:231,43
DA:233,170
DA:237,41
DA:238,41
DA:242,0
DA:243,0
DA:244,0
DA:246,0
DA:249,0
DA:256,13
DA:257,2
DA:258,2
DA:259,2
DA:260,4
DA:261,2
DA:264,1
DA:265,2
DA:266,1
DA:270,0
DA:271,0
DA:278,16
DA:279,22
DA:281,8
DA:282,3
DA:283,3
DA:285,5
DA:286,1
DA:289,1
DA:290,2
DA:291,1
DA:297,2
DA:298,2
DA:301,4
DA:307,33
DA:308,7
DA:313,2
DA:315,2
DA:318,1
DA:320,1
DA:324,1
DA:331,1
DA:340,6
DA:341,6
DA:344,18
DA:345,12
DA:346,6
DA:347,6
DA:348,6
DA:356,6
DA:357,6
DA:358,6
DA:367,12
DA:368,12
DA:369,12
DA:381,41
DA:386,123
DA:387,82
DA:389,41
DA:391,82
DA:392,82
DA:394,41
DA:395,41
DA:396,123
DA:397,41
DA:398,33
DA:400,82
DA:401,82
DA:405,41
DA:415,41
DA:416,41
DA:417,41
DA:419,41
DA:420,123
DA:421,82
DA:423,41
DA:424,41
DA:427,82
DA:428,82
DA:431,41
DA:432,41
DA:433,82
DA:435,82
DA:436,41
DA:438,8
DA:439,4
DA:443,41
DA:444,41
DA:454,1
DA:457,41
DA:460,82
DA:461,82
DA:462,82
DA:468,1
DA:474,1
DA:476,1
DA:477,1
DA:479,2
DA:481,2
DA:482,2
DA:484,1
DA:485,1
DA:486,3
DA:487,1
DA:488,3
DA:490,2
DA:493,1
DA:494,1
DA:496,2
DA:498,1
DA:499,3
DA:500,3
DA:501,0
DA:505,0
DA:506,0
DA:507,0
DA:508,0
DA:510,1
DA:513,1
DA:522,1
DA:523,1
DA:524,1
DA:526,1
DA:527,2
DA:528,2
DA:529,3
DA:531,1
DA:534,1
DA:535,2
DA:537,1
DA:539,0
DA:548,2
DA:554,4
DA:558,6
DA:559,4
DA:561,4
DA:563,2
DA:564,2
DA:565,6
DA:566,3
DA:567,1
DA:570,2
DA:579,2
DA:580,2
DA:581,2
DA:583,2
DA:584,2
DA:587,4
DA:590,2
DA:593,2
DA:594,4
DA:596,2
DA:598,0
DA:600,2
DA:601,2
DA:608,4
DA:609,4
DA:615,4
DA:617,8
DA:618,4
DA:622,4
DA:624,4
DA:625,3
DA:630,4
DA:634,8
DA:637,4
DA:638,4
DA:644,3
DA:645,6
DA:646,3
DA:647,3
DA:648,2
DA:649,1
DA:650,2
DA:651,4
DA:652,2
DA:654,0
DA:658,1
DA:659,1
DA:662,3
DA:663,3
DA:677,5
DA:682,5
DA:683,5
DA:684,10
DA:685,5
DA:688,0
DA:690,5
DA:691,5
DA:693,0
DA:694,0
DA:695,0
DA:696,0
DA:699,0
DA:701,0
DA:703,0
DA:707,10
DA:709,10
DA:717,5
DA:718,2
DA:719,1
DA:726,4
DA:727,1
DA:728,1
DA:729,1
DA:734,3
DA:735,0
DA:736,0
DA:737,0
DA:738,0
DA:745,3
DA:746,3
DA:754,5
DA:755,5
DA:758,10
DA:769,2
DA:770,2
DA:775,4
DA:776,6
DA:783,0
DA:784,0
DA:785,0
DA:790,1
DA:791,1
LF:311
LH:255
end_of_record
SF:/run/media/kingwill101/disk2/code/code/dart_packages/routed_ecosystem/packages/routed/lib/src/engine/engine_opt.dart
DA:42,2
DA:43,2
DA:44,4
DA:45,4
DA:46,4
DA:47,4
DA:48,3
DA:70,1
DA:71,1
DA:72,2
DA:90,0
DA:91,0
DA:92,0
DA:110,0
DA:111,0
DA:112,0
DA:134,1
DA:141,1
DA:143,2
DA:146,0
DA:149,0
DA:152,0
DA:154,0
DA:158,0
DA:160,0
DA:187,1
DA:196,1
DA:198,2
DA:201,3
DA:204,3
DA:207,3
DA:210,2
DA:213,2
DA:216,3
DA:241,0
DA:251,0
DA:253,0
DA:256,0
DA:260,0
DA:262,0
DA:265,0
DA:267,0
DA:270,0
DA:273,0
DA:275,0
DA:297,0
DA:298,0
DA:299,0
DA:320,1
DA:325,1
DA:327,2
DA:330,2
DA:333,2
DA:335,1
DA:357,2
DA:358,2
DA:359,4
DA:384,4
DA:385,4
DA:386,4
DA:387,4
DA:388,8
LF:62
LH:36
end_of_record
SF:/run/media/kingwill101/disk2/code/code/dart_packages/routed_ecosystem/packages/routed/lib/src/engine/engine_template.dart
DA:12,3
DA:28,1
DA:34,2
DA:40,1
LF:4
LH:4
end_of_record
SF:/run/media/kingwill101/disk2/code/code/dart_packages/routed_ecosystem/packages/routed/lib/src/engine/provider_manifest.dart
DA:25,59
DA:42,0
DA:46,0
DA:47,0
DA:48,0
DA:78,60
DA:100,60
DA:101,60
DA:102,60
DA:104,60
DA:105,60
DA:109,60
DA:110,61
DA:111,2
DA:112,2
DA:113,2
DA:114,2
DA:119,60
DA:125,1
DA:126,1
DA:127,0
DA:137,1
DA:138,1
DA:139,0
DA:140,0
DA:141,0
DA:142,0
LF:27
LH:18
end_of_record
SF:/run/media/kingwill101/disk2/code/code/dart_packages/routed_ecosystem/packages/routed/lib/src/engine/middleware_registry.dart
DA:30,61
DA:43,61
DA:44,61
DA:51,0
DA:65,59
DA:66,59
DA:68,59
DA:75,2
DA:91,43
DA:92,43
DA:93,3
DA:94,3
DA:96,4
DA:97,2
DA:122,45
DA:127,131
DA:128,45
DA:144,45
DA:145,93
DA:146,9
LF:20
LH:19
end_of_record
SF:/run/media/kingwill101/disk2/code/code/dart_packages/routed_ecosystem/packages/routed/lib/src/engine/route_manifest.dart
DA:7,1
DA:11,2
DA:12,1
DA:13,1
DA:15,0
DA:16,0
DA:18,0
DA:19,0
DA:22,0
DA:23,0
DA:25,0
DA:26,0
DA:27,0
DA:30,0
DA:31,0
DA:33,0
DA:34,0
DA:35,0
DA:36,0
DA:38,0
DA:41,0
DA:57,0
DA:58,0
DA:59,0
DA:60,0
DA:61,0
DA:62,0
DA:63,0
DA:68,0
DA:72,0
DA:78,1
DA:85,1
DA:86,1
DA:88,1
DA:89,1
DA:90,1
DA:91,1
DA:92,1
DA:93,2
DA:94,2
DA:95,1
DA:99,0
DA:100,0
DA:101,0
DA:102,0
DA:103,0
DA:104,0
DA:105,0
DA:106,0
DA:107,0
DA:109,0
DA:110,0
DA:112,0
DA:113,0
DA:116,0
DA:130,0
DA:131,0
DA:132,0
DA:133,0
DA:134,0
DA:135,0
DA:136,0
DA:137,0
DA:144,0
DA:147,0
DA:149,0
DA:153,0
DA:155,0
DA:159,0
DA:160,0
DA:161,0
DA:162,0
DA:163,0
DA:164,0
DA:165,0
DA:167,0
DA:173,0
DA:174,0
DA:175,0
DA:176,0
DA:183,1
DA:184,1
DA:185,1
DA:186,1
DA:187,2
DA:188,1
DA:189,0
DA:190,0
DA:192,1
DA:193,1
DA:197,0
DA:198,0
DA:199,0
DA:205,1
DA:206,1
DA:207,1
DA:208,2
DA:209,2
DA:214,1
DA:215,3
DA:218,1
DA:219,0
DA:221,1
DA:222,2
DA:224,1
DA:225,1
DA:226,2
DA:227,3
DA:231,0
DA:234,0
DA:235,0
DA:236,0
DA:237,0
LF:113
LH:37
end_of_record
SF:/run/media/kingwill101/disk2/code/code/dart_packages/routed_ecosystem/packages/routed/lib/src/openapi/generator.dart
DA:7,1
DA:17,1
DA:18,1
DA:19,2
DA:20,2
DA:21,1
DA:22,0
DA:29,0
DA:34,0
DA:35,0
DA:36,0
DA:37,0
DA:38,0
DA:44,1
DA:50,1
DA:51,1
DA:53,2
DA:54,4
DA:58,2
DA:60,2
DA:61,1
DA:63,1
DA:64,1
DA:65,2
DA:68,1
DA:69,1
DA:70,2
DA:71,1
DA:72,0
DA:73,2
DA:74,1
DA:75,0
DA:79,1
DA:83,2
DA:84,1
DA:85,2
DA:86,1
DA:89,3
DA:90,3
DA:94,3
DA:97,2
DA:98,2
DA:100,1
DA:101,1
DA:102,3
DA:103,3
DA:104,1
DA:105,1
DA:106,2
DA:110,2
DA:111,0
DA:112,0
DA:113,0
DA:114,0
DA:115,0
DA:117,0
DA:118,1
DA:119,1
DA:120,1
DA:121,1
DA:125,2
DA:126,1
DA:127,2
DA:128,3
DA:131,1
DA:132,1
DA:133,2
DA:135,1
DA:138,1
DA:139,1
DA:140,2
DA:146,1
DA:151,1
DA:152,1
DA:154,1
DA:155,1
DA:156,1
DA:157,1
DA:159,3
DA:160,2
DA:163,2
DA:169,1
DA:170,1
DA:171,1
DA:172,4
DA:173,1
DA:174,1
DA:177,2
DA:180,1
DA:181,1
DA:182,0
DA:184,4
DA:187,1
DA:191,1
DA:192,2
DA:193,2
DA:194,2
DA:195,1
DA:196,2
DA:197,2
DA:198,1
DA:200,0
DA:201,1
DA:203,1
DA:206,0
DA:209,1
DA:210,1
DA:211,2
DA:212,1
DA:215,1
DA:216,2
DA:217,1
DA:218,2
DA:222,1
DA:223,3
DA:226,1
DA:227,0
DA:231,1
DA:232,1
DA:236,1
DA:237,2
DA:239,1
DA:240,1
DA:241,1
DA:242,1
DA:243,1
DA:244,0
DA:245,1
DA:246,1
DA:247,0
DA:248,1
DA:249,0
DA:250,1
DA:251,0
DA:252,1
DA:253,1
DA:254,0
DA:256,1
DA:260,1
DA:261,1
DA:262,2
DA:263,1
DA:264,1
DA:266,1
DA:267,1
DA:268,2
DA:270,1
DA:271,1
DA:278,0
DA:283,1
DA:284,1
DA:285,4
DA:287,3
DA:291,1
DA:292,1
DA:293,1
DA:295,1
DA:296,0
DA:298,1
DA:299,2
DA:305,1
DA:315,1
DA:316,1
DA:317,1
DA:319,1
DA:320,1
LF:166
LH:140
end_of_record
SF:/run/media/kingwill101/disk2/code/code/dart_packages/routed_ecosystem/packages/routed/lib/src/openapi/operation.dart
DA:18,1
DA:19,1
DA:20,2
DA:24,1
DA:25,2
DA:26,1
DA:33,1
DA:40,1
DA:41,1
DA:46,0
DA:47,0
DA:49,1
DA:50,2
DA:52,2
DA:56,0
DA:61,0
DA:62,0
DA:63,0
DA:64,0
DA:65,0
DA:66,0
DA:71,0
DA:76,0
DA:77,0
DA:78,0
DA:86,1
DA:92,1
DA:93,1
DA:94,0
DA:95,0
DA:97,1
DA:98,2
DA:100,2
DA:104,1
DA:109,1
DA:112,1
DA:113,1
DA:114,2
DA:121,1
DA:122,1
DA:123,1
DA:124,0
DA:126,3
DA:127,2
DA:129,1
DA:130,0
DA:132,2
DA:133,3
DA:135,2
DA:136,2
DA:137,3
DA:138,1
DA:140,1
DA:141,0
DA:143,2
DA:144,3
DA:146,1
DA:149,1
DA:150,4
DA:153,1
DA:154,1
DA:155,1
DA:157,1
DA:158,0
DA:166,1
DA:167,1
DA:172,2
LF:67
LH:48
end_of_record
SF:/run/media/kingwill101/disk2/code/code/dart_packages/routed_ecosystem/packages/routed/lib/src/events/signals.dart
DA:19,57
DA:27,1
DA:32,1
DA:36,1
DA:37,2
DA:39,1
DA:41,2
DA:42,2
DA:45,0
DA:47,0
DA:51,0
DA:55,0
DA:56,0
DA:59,43
DA:60,129
DA:61,44
DA:62,1
DA:63,2
DA:67,4
DA:69,2
DA:70,1
DA:71,1
DA:73,1
DA:86,1
DA:104,57
DA:105,57
DA:109,57
DA:113,57
DA:117,57
DA:121,57
DA:134,114
DA:135,114
DA:136,114
DA:137,164
DA:139,82
DA:142,114
DA:143,160
DA:145,80
DA:148,114
DA:149,164
DA:151,41
DA:152,41
DA:153,41
DA:157,114
DA:158,16
DA:160,4
DA:161,4
DA:162,4
DA:166,114
DA:167,168
DA:169,42
DA:170,42
DA:171,42
DA:182,35
DA:183,70
DA:184,35
DA:189,1
DA:196,1
DA:197,1
DA:198,1
DA:200,0
DA:201,0
DA:209,1
DA:210,2
DA:211,0
DA:218,1
DA:220,1
DA:221,2
DA:222,5
DA:224,2
DA:227,1
DA:228,4
DA:232,1
DA:245,1
DA:251,0
DA:252,0
DA:254,1
DA:255,3
DA:256,1
DA:257,3
DA:259,2
DA:267,43
LF:82
LH:72
end_of_record
SF:/run/media/kingwill101/disk2/code/code/dart_packages/routed_ecosystem/packages/routed/lib/src/http/conditional.dart
DA:12,73
DA:22,2
DA:25,1
DA:26,2
DA:29,1
DA:32,1
DA:33,1
DA:34,2
DA:35,1
DA:36,2
DA:37,1
DA:39,1
DA:46,1
DA:47,1
DA:48,1
DA:51,1
DA:55,5
DA:57,0
DA:59,4
DA:60,3
DA:62,1
DA:65,1
DA:70,1
DA:71,0
DA:73,1
DA:76,2
DA:79,3
DA:82,0
DA:84,0
DA:90,0
DA:91,0
DA:92,0
DA:93,0
DA:94,0
DA:95,0
DA:98,0
DA:103,0
DA:104,0
DA:105,0
DA:106,0
DA:110,0
DA:111,0
DA:114,0
DA:118,0
DA:121,0
DA:125,0
DA:128,1
DA:134,1
DA:135,1
DA:136,1
DA:138,1
DA:139,1
DA:140,1
DA:141,1
DA:142,1
DA:143,1
DA:145,3
DA:151,1
DA:153,0
DA:154,0
DA:159,1
DA:160,1
DA:161,1
DA:162,1
DA:163,2
DA:165,3
DA:172,1
DA:174,0
DA:175,0
DA:185,0
DA:191,0
DA:193,0
DA:194,0
DA:195,0
DA:196,0
LF:75
LH:44
end_of_record
SF:/run/media/kingwill101/disk2/code/code/dart_packages/routed_ecosystem/packages/routed/lib/src/http/negotiation.dart
DA:8,1
DA:12,1
DA:25,1
DA:37,1
DA:49,1
DA:51,3
DA:52,1
DA:54,3
DA:55,1
DA:57,2
DA:69,1
DA:74,1
DA:75,1
DA:79,1
DA:81,1
DA:82,1
DA:86,1
DA:87,1
DA:96,1
DA:97,1
DA:98,1
DA:100,2
DA:101,1
DA:105,2
DA:106,2
DA:109,1
DA:110,1
DA:113,1
DA:116,1
DA:117,1
DA:118,1
DA:119,1
DA:120,2
DA:121,2
DA:122,2
DA:127,1
DA:128,1
DA:136,3
DA:137,1
DA:138,1
DA:139,1
DA:140,3
DA:141,1
DA:142,0
DA:147,1
DA:151,1
DA:152,1
DA:158,1
DA:159,1
DA:161,2
DA:162,1
DA:163,1
DA:164,0
DA:169,1
DA:173,2
DA:174,1
DA:179,1
DA:180,2
DA:183,1
DA:184,1
DA:185,3
DA:186,2
DA:187,1
DA:192,1
DA:196,2
DA:197,1
DA:200,1
DA:202,1
DA:205,1
DA:206,1
DA:207,3
DA:210,1
DA:217,1
DA:221,1
DA:225,1
DA:227,1
DA:228,3
DA:229,0
DA:234,1
DA:235,5
DA:236,5
LF:81
LH:78
end_of_record
SF:/run/media/kingwill101/disk2/code/code/dart_packages/routed_ecosystem/packages/routed/lib/src/inspection/metadata.dart
DA:7,0
DA:17,0
DA:18,0
DA:19,0
DA:20,0
DA:21,0
DA:22,0
DA:23,0
DA:24,0
DA:26,0
DA:38,0
DA:39,0
DA:40,0
DA:41,0
DA:42,0
DA:43,0
DA:44,0
DA:45,0
DA:46,0
DA:53,0
DA:69,0
DA:70,0
DA:71,0
DA:72,0
DA:73,0
DA:74,0
DA:75,0
DA:76,0
DA:82,0
DA:83,0
DA:84,0
DA:85,0
DA:86,0
DA:87,0
DA:88,0
DA:89,0
DA:90,0
DA:91,0
DA:92,0
DA:93,0
DA:94,0
DA:95,0
DA:96,0
DA:97,0
DA:102,0
DA:103,0
DA:104,0
DA:105,0
DA:106,0
DA:107,0
LF:50
LH:0
end_of_record
SF:/run/media/kingwill101/disk2/code/code/dart_packages/routed_ecosystem/packages/routed/lib/src/observability/errors.dart
DA:16,0
DA:17,0
DA:20,0
DA:25,0
DA:27,0
DA:34,0
LF:6
LH:0
end_of_record
SF:/run/media/kingwill101/disk2/code/code/dart_packages/routed_ecosystem/packages/routed/lib/src/observability/health.dart
DA:9,1
DA:11,1
DA:17,2
DA:18,2
DA:19,3
DA:24,1
DA:31,1
DA:32,2
DA:35,0
DA:36,0
DA:39,1
DA:40,2
DA:41,1
DA:42,2
DA:43,2
DA:45,2
DA:46,2
DA:49,1
DA:52,1
DA:53,2
DA:54,1
DA:55,3
DA:57,1
DA:60,1
DA:61,1
DA:62,1
DA:63,2
DA:64,3
DA:67,1
DA:70,1
DA:71,1
DA:73,2
DA:75,2
DA:76,2
DA:77,1
DA:80,0
DA:81,0
DA:85,1
DA:90,1
DA:99,1
DA:100,1
DA:101,1
DA:102,1
DA:105,3
LF:44
LH:40
end_of_record
SF:/run/media/kingwill101/disk2/code/code/dart_packages/routed_ecosystem/packages/routed/lib/src/observability/metrics.dart
DA:4,2
DA:12,0
DA:14,1
DA:15,2
DA:18,1
DA:24,4
DA:26,1
DA:29,1
DA:31,1
DA:34,1
DA:37,3
DA:38,1
DA:39,4
DA:40,3
DA:43,1
DA:44,1
DA:45,1
DA:46,1
DA:47,3
DA:49,1
DA:50,3
DA:51,1
DA:52,3
DA:56,1
DA:59,1
DA:60,3
DA:61,1
DA:62,1
DA:63,1
DA:64,2
DA:66,1
DA:67,4
DA:68,1
DA:69,2
DA:72,1
DA:73,3
DA:74,1
DA:75,2
DA:77,1
DA:78,2
DA:79,1
DA:80,2
DA:82,1
DA:83,2
DA:84,1
DA:85,2
DA:89,1
DA:90,1
DA:91,3
DA:93,1
DA:100,1
DA:101,2
DA:106,1
DA:107,1
DA:108,2
DA:117,1
DA:118,2
DA:119,2
DA:120,4
DA:121,3
DA:122,3
DA:127,1
DA:128,1
DA:129,4
DA:130,3
DA:131,3
DA:136,2
DA:138,2
DA:142,1
DA:152,0
DA:154,0
DA:155,0
DA:156,0
DA:157,0
DA:160,1
DA:161,4
DA:163,1
DA:164,1
DA:165,2
DA:166,2
DA:167,2
DA:168,1
DA:170,1
DA:171,6
DA:172,1
DA:173,1
DA:178,1
DA:185,1
DA:186,2
DA:188,1
DA:189,1
DA:190,1
DA:191,1
DA:192,1
DA:194,2
DA:195,2
LF:96
LH:90
end_of_record
SF:/run/media/kingwill101/disk2/code/code/dart_packages/routed_ecosystem/packages/routed/lib/src/observability/tracing.dart
DA:8,1
DA:19,2
DA:21,1
DA:30,2
DA:32,2
DA:34,1
DA:35,1
DA:36,0
DA:39,1
DA:40,1
DA:41,0
DA:44,2
DA:45,1
DA:47,1
DA:51,0
DA:52,0
DA:55,0
DA:58,1
DA:63,1
DA:64,3
DA:66,1
DA:67,1
DA:68,1
DA:69,1
DA:70,1
DA:72,3
DA:74,2
DA:77,2
DA:78,3
DA:81,1
DA:82,0
DA:85,2
DA:86,0
DA:92,0
DA:93,0
DA:95,0
DA:97,0
DA:102,1
DA:117,1
DA:118,1
DA:119,1
DA:122,1
DA:124,0
DA:127,2
DA:129,1
DA:132,1
DA:133,1
DA:134,1
DA:143,1
DA:145,2
DA:146,1
DA:148,1
DA:154,0
DA:156,0
DA:157,0
DA:158,0
DA:161,1
DA:162,2
DA:163,2
DA:164,1
DA:169,1
DA:171,1
DA:173,2
DA:185,1
DA:190,1
DA:196,1
DA:197,2
DA:199,1
DA:200,1
DA:201,0
DA:202,0
DA:203,0
DA:204,0
DA:205,0
DA:206,0
DA:208,0
DA:211,0
DA:212,0
DA:213,0
DA:214,0
DA:216,0
DA:217,0
DA:218,0
DA:221,0
DA:229,1
DA:233,0
DA:234,0
DA:236,0
DA:239,0
DA:243,0
DA:244,0
DA:245,0
DA:247,0
DA:248,0
DA:249,0
DA:251,0
DA:254,0
DA:258,0
DA:259,0
DA:260,0
DA:262,0
DA:263,0
DA:264,0
DA:265,0
DA:268,0
DA:272,1
DA:276,1
DA:277,5
DA:279,0
DA:280,0
DA:284,0
DA:288,0
DA:290,0
LF:113
LH:57
end_of_record
SF:/run/media/kingwill101/disk2/code/code/dart_packages/routed_ecosystem/packages/routed/lib/src/provider/config_utils.dart
DA:11,60
DA:14,60
DA:19,60
DA:20,60
DA:39,60
DA:43,60
DA:44,120
DA:45,60
DA:49,60
DA:50,118
DA:51,120
DA:52,120
DA:56,60
DA:63,60
DA:64,60
DA:65,60
DA:67,0
DA:68,0
DA:69,0
DA:70,0
DA:74,0
DA:75,0
DA:77,0
DA:81,61
DA:91,60
DA:94,2
DA:95,0
DA:97,2
DA:98,4
DA:99,2
DA:104,1
DA:105,0
DA:108,1
DA:111,1
DA:117,2
DA:123,61
DA:133,60
DA:135,2
DA:136,0
DA:137,2
DA:138,2
DA:139,2
DA:142,2
DA:146,2
DA:150,59
DA:151,2
DA:157,61
DA:168,61
DA:171,1
DA:174,2
DA:178,61
DA:179,60
DA:181,0
DA:189,61
DA:200,60
DA:201,60
DA:203,120
DA:206,0
DA:210,60
DA:212,60
DA:216,60
DA:218,0
DA:222,60
DA:223,60
DA:225,1
DA:226,1
DA:228,1
DA:229,3
DA:230,3
DA:234,0
DA:238,60
DA:246,59
DA:254,59
DA:257,59
DA:258,0
DA:260,59
DA:261,59
DA:262,59
DA:265,59
DA:267,59
DA:270,0
DA:274,59
DA:275,59
DA:276,59
DA:279,0
DA:284,59
DA:285,118
DA:286,177
DA:287,2
DA:288,10
DA:289,0
DA:290,0
DA:291,0
DA:292,0
DA:294,118
DA:297,0
DA:304,60
DA:312,60
DA:322,240
DA:326,60
DA:332,60
DA:333,0
DA:335,60
DA:336,62
DA:337,2
DA:339,2
DA:340,1
DA:342,2
DA:345,1
DA:346,2
DA:348,1
LF:111
LH:88
end_of_record
SF:/run/media/kingwill101/disk2/code/code/dart_packages/routed_ecosystem/packages/routed/lib/src/provider/provider.dart
DA:14,73
DA:54,0
DA:55,0
DA:56,0
DA:57,0
DA:59,0
DA:60,0
DA:66,73
DA:76,60
DA:77,120
DA:78,118
DA:80,120
DA:81,120
DA:84,118
DA:85,59
DA:87,118
DA:88,177
DA:94,240
DA:96,59
DA:97,59
DA:98,118
DA:99,118
DA:102,59
DA:103,236
DA:108,60
DA:113,60
DA:114,118
DA:116,59
DA:117,59
DA:118,59
DA:119,59
DA:120,59
DA:121,59
DA:122,59
DA:123,59
DA:124,59
DA:125,118
DA:128,60
DA:131,59
DA:132,59
DA:134,118
DA:135,118
DA:136,59
DA:144,59
DA:149,59
DA:151,177
DA:152,59
DA:153,177
DA:155,59
DA:157,59
DA:158,59
DA:161,59
DA:162,59
DA:166,0
DA:167,0
DA:208,58
DA:214,53
DA:223,1806
DA:229,7
DA:234,5
DA:239,0
DA:240,0
LF:62
LH:52
end_of_record
SF:/run/media/kingwill101/disk2/code/code/dart_packages/routed_ecosystem/packages/routed/lib/src/request.dart
DA:43,46
DA:44,92
DA:45,46
DA:46,46
DA:47,46
DA:50,46
DA:52,46
DA:55,0
DA:60,129
DA:63,6
DA:66,129
DA:69,0
DA:72,129
DA:75,12
DA:78,0
DA:81,0
DA:84,0
DA:87,0
DA:90,0
DA:93,16
DA:96,20
DA:99,0
DA:102,0
DA:105,35
DA:108,1
DA:109,4
DA:112,3
DA:113,6
DA:117,5
DA:118,6
DA:120,5
DA:121,15
DA:122,5
DA:124,10
DA:125,5
DA:133,2
DA:134,2
DA:135,2
DA:137,0
DA:138,0
DA:139,0
DA:142,0
DA:143,0
DA:147,0
DA:148,0
DA:153,0
DA:154,0
DA:155,0
DA:156,0
DA:160,0
DA:163,43
DA:164,43
DA:170,129
DA:174,129
DA:177,43
DA:178,86
DA:185,6
LF:57
LH:36
end_of_record
SF:/run/media/kingwill101/disk2/code/code/dart_packages/routed_ecosystem/packages/routed/lib/src/response.dart
DA:23,45
DA:26,88
DA:29,0
DA:31,1
DA:32,2
DA:36,3
DA:39,0
DA:42,0
DA:45,0
DA:48,0
DA:49,0
DA:52,0
DA:55,3
DA:58,0
DA:61,0
DA:62,0
DA:65,0
DA:70,42
DA:71,42
DA:72,42
DA:73,168
DA:75,0
DA:82,1
DA:83,1
DA:84,1
DA:85,0
DA:87,2
DA:92,43
DA:93,43
DA:94,43
DA:95,87
DA:97,3
DA:98,0
DA:99,0
DA:102,4
DA:108,90
DA:109,12
DA:111,4
DA:115,43
DA:120,43
DA:121,43
DA:122,43
DA:123,86
DA:124,43
DA:126,42
DA:127,21
DA:130,0
DA:133,21
DA:136,86
DA:137,42
DA:143,43
DA:144,43
DA:145,43
DA:146,42
DA:148,42
DA:150,84
DA:156,43
DA:157,43
DA:158,0
DA:163,0
DA:164,0
DA:165,0
DA:166,0
DA:167,0
DA:171,0
DA:175,0
DA:176,0
DA:177,0
DA:178,0
DA:179,0
DA:183,0
DA:187,0
DA:188,0
DA:189,0
DA:190,0
DA:197,2
DA:198,2
DA:199,2
DA:200,2
DA:201,4
DA:205,1
DA:206,1
DA:207,1
DA:208,1
DA:210,2
DA:214,0
DA:215,0
DA:216,0
DA:217,0
DA:221,0
DA:226,0
DA:227,0
DA:228,0
DA:229,0
DA:230,0
DA:233,0
DA:234,0
DA:237,0
DA:238,0
DA:239,0
DA:240,0
DA:244,0
DA:249,0
DA:250,0
DA:251,0
DA:253,0
DA:254,0
DA:257,0
DA:258,0
DA:262,4
DA:272,4
DA:273,4
DA:274,4
DA:275,4
DA:276,4
DA:277,4
DA:278,4
DA:279,4
DA:280,4
DA:283,24
DA:284,12
DA:290,132
DA:293,129
DA:298,42
DA:299,126
DA:302,84
DA:306,1
DA:307,1
DA:308,2
DA:310,0
DA:313,2
DA:315,0
DA:317,3
DA:323,0
DA:324,0
DA:325,0
DA:329,1
DA:330,1
DA:332,0
DA:334,3
DA:336,2
DA:342,22
DA:343,44
DA:346,22
DA:357,0
LF:145
LH:81
end_of_record
SF:/run/media/kingwill101/disk2/code/code/dart_packages/routed_ecosystem/packages/routed/lib/src/router/router.dart
DA:34,4
DA:41,60
DA:47,120
DA:57,4
DA:62,8
DA:65,4
DA:67,4
DA:70,8
DA:73,4
DA:80,1
DA:84,1
DA:89,1
DA:91,2
DA:92,1
DA:96,1
DA:101,2
DA:102,1
DA:120,43
DA:126,43
DA:141,16
DA:147,16
DA:162,4
DA:168,4
DA:183,3
DA:189,3
DA:204,1
DA:210,1
DA:225,3
DA:231,3
DA:246,1
DA:252,1
DA:267,0
DA:273,0
DA:288,0
DA:295,0
DA:308,0
DA:309,0
DA:330,44
DA:337,88
DA:338,44
DA:345,88
DA:346,44
DA:389,45
DA:395,90
DA:398,90
DA:401,89
DA:403,56
DA:404,18
DA:407,132
DA:408,132
DA:409,4
DA:413,46
DA:414,3
DA:415,3
DA:416,4
DA:421,49
DA:422,4
DA:425,8
DA:431,0
DA:432,0
DA:433,0
DA:438,45
DA:439,45
DA:440,90
DA:441,49
DA:442,8
DA:447,45
DA:448,45
DA:449,90
DA:450,49
DA:451,8
DA:457,45
DA:461,90
DA:463,89
DA:464,88
DA:465,44
DA:470,46
DA:471,2
DA:472,1
DA:477,49
DA:478,4
DA:492,44
DA:493,88
DA:494,44
DA:495,4
DA:497,5
DA:498,2
DA:499,8
DA:500,0
DA:502,4
DA:512,45
DA:513,7
DA:514,1
DA:515,1
DA:520,1
DA:524,1
LF:96
LH:86
end_of_record
SF:/run/media/kingwill101/disk2/code/code/dart_packages/routed_ecosystem/packages/routed/lib/src/runtime/shutdown.dart
DA:12,73
DA:39,59
DA:47,59
DA:48,0
DA:49,0
DA:50,0
DA:51,0
DA:52,0
DA:53,59
DA:60,22
DA:82,44
DA:84,0
DA:86,0
DA:88,0
DA:90,66
DA:92,22
DA:93,88
DA:95,66
DA:98,44
DA:99,0
DA:100,0
DA:102,0
DA:104,0
DA:108,44
DA:113,2
DA:114,4
DA:117,2
DA:118,2
DA:119,4
DA:121,4
DA:122,4
DA:126,2
DA:127,2
DA:128,0
DA:129,0
DA:130,0
DA:134,2
DA:135,0
DA:136,0
DA:137,0
DA:141,3
DA:142,1
DA:145,2
DA:146,1
DA:147,1
DA:151,4
DA:152,2
DA:155,2
DA:156,2
DA:157,2
DA:159,1
DA:160,0
DA:161,0
DA:162,0
DA:163,0
DA:168,16
DA:169,32
DA:170,16
DA:172,32
DA:175,2
DA:176,2
DA:177,2
DA:178,2
DA:179,2
DA:180,4
DA:181,4
DA:188,59
DA:190,59
DA:191,59
DA:195,0
DA:198,59
DA:199,59
DA:202,0
DA:205,59
DA:206,59
DA:209,0
DA:212,59
DA:213,59
DA:217,0
DA:220,59
DA:221,59
DA:225,0
DA:228,59
DA:229,59
DA:236,59
DA:237,0
DA:238,177
DA:240,59
DA:241,59
DA:243,59
DA:249,59
DA:253,59
DA:254,118
DA:255,59
DA:257,59
DA:259,0
DA:261,0
DA:263,0
DA:266,0
DA:267,0
LF:100
LH:67
end_of_record
SF:/run/media/kingwill101/disk2/code/code/dart_packages/routed_ecosystem/packages/routed/lib/src/storage/storage_manager.dart
DA:15,59
DA:23,59
DA:24,118
DA:28,59
DA:29,59
DA:30,0
DA:32,59
DA:36,59
DA:37,118
DA:41,177
DA:44,2
DA:45,4
DA:49,59
DA:50,63
DA:51,118
DA:53,0
DA:59,6
DA:62,118
LF:18
LH:16
end_of_record
SF:/run/media/kingwill101/disk2/code/code/dart_packages/routed_ecosystem/packages/routed/lib/src/support/helpers.dart
DA:3,1
DA:4,2
DA:5,1
DA:12,1
DA:13,1
LF:5
LH:5
end_of_record
SF:/run/media/kingwill101/disk2/code/code/dart_packages/routed_ecosystem/packages/routed/lib/src/support/zone.dart
DA:11,5
DA:12,10
DA:14,1
DA:15,1
DA:28,4
DA:29,4
DA:30,8
DA:34,2
DA:41,8
DA:43,0
DA:47,6
DA:49,1
DA:50,1
DA:52,1
DA:53,2
DA:54,1
DA:56,0
DA:57,0
DA:58,0
DA:60,0
DA:68,0
DA:71,1
DA:72,2
DA:74,0
DA:80,46
DA:86,46
DA:93,46
DA:95,46
DA:96,92
DA:97,46
DA:98,46
DA:99,46
DA:100,46
DA:101,44
DA:107,2
DA:111,2
DA:112,4
DA:113,2
DA:116,2
DA:118,2
DA:124,2
DA:127,2
DA:135,2
DA:140,46
DA:151,86
DA:157,9
DA:160,46
DA:164,46
DA:166,46
DA:167,9
DA:170,9
DA:171,0
DA:173,44
LF:53
LH:45
end_of_record
SF:/run/media/kingwill101/disk2/code/code/dart_packages/routed_ecosystem/packages/routed/lib/src/utils/environment.dart
DA:3,3
DA:4,3
DA:15,1
DA:18,1
DA:19,1
DA:20,2
DA:26,0
DA:27,0
DA:28,0
DA:32,0
DA:33,0
DA:36,1
DA:37,1
DA:43,1
DA:44,4
DA:51,0
DA:52,0
DA:59,0
DA:60,0
DA:64,0
DA:65,0
DA:70,0
DA:71,0
DA:75,0
DA:77,0
LF:25
LH:10
end_of_record
SF:/run/media/kingwill101/disk2/code/code/dart_packages/routed_ecosystem/packages/routed/lib/src/utils/request_id.dart
DA:6,138
DA:26,46
DA:28,138
DA:31,46
DA:32,92
DA:33,230
DA:34,46
DA:37,46
LF:8
LH:8
end_of_record
SF:/run/media/kingwill101/disk2/code/code/dart_packages/routed_ecosystem/packages/routed/lib/src/websocket/websocket_handler.dart
DA:14,1
DA:17,1
DA:18,2
DA:22,0
DA:23,0
LF:5
LH:3
end_of_record
SF:/run/media/kingwill101/disk2/code/code/dart_packages/routed_ecosystem/packages/routed/lib/src/support/named_registry.dart
DA:8,65
DA:12,65
DA:14,65
DA:15,65
DA:16,0
DA:19,130
DA:21,5
DA:27,130
DA:31,7
DA:33,21
DA:36,62
DA:37,186
DA:39,0
DA:40,0
DA:42,15
DA:44,64
DA:45,64
DA:47,65
DA:50,2
LF:19
LH:16
end_of_record
SF:/run/media/kingwill101/disk2/code/code/dart_packages/routed_ecosystem/packages/routed/lib/src/sessions/session.dart
DA:10,0
DA:34,4
DA:41,4
DA:42,4
DA:43,4
DA:44,4
DA:47,0
DA:50,0
DA:51,0
DA:52,0
DA:53,0
DA:54,0
DA:55,0
DA:56,0
DA:57,0
DA:58,0
DA:60,0
DA:61,0
DA:65,4
DA:66,4
DA:67,12
DA:68,20
DA:72,4
DA:73,8
DA:74,4
DA:78,1
DA:79,1
DA:80,2
DA:81,2
DA:82,2
DA:83,2
DA:87,0
DA:88,0
DA:89,0
DA:94,8
DA:97,0
DA:100,0
DA:103,8
DA:107,8
DA:108,6
DA:110,5
DA:112,5
DA:115,4
DA:116,4
DA:117,4
DA:118,4
DA:119,8
DA:120,4
DA:121,8
DA:122,8
DA:123,4
DA:124,4
DA:128,4
DA:129,4
DA:130,8
DA:135,4
DA:140,0
DA:141,0
DA:148,4
DA:149,4
DA:150,8
LF:61
LH:41
end_of_record
SF:/run/media/kingwill101/disk2/code/code/dart_packages/routed_ecosystem/packages/routed/lib/src/binding/binding.dart
DA:48,6
DA:49,0
DA:50,6
DA:51,0
DA:52,3
DA:53,3
DA:86,1
DA:88,2
DA:89,1
DA:93,5
DA:96,1
DA:97,1
DA:98,1
DA:99,1
DA:100,0
DA:101,1
DA:102,1
DA:103,1
DA:104,1
DA:106,0
LF:20
LH:16
end_of_record
SF:/run/media/kingwill101/disk2/code/code/dart_packages/routed_ecosystem/packages/routed/lib/src/binding/form.dart
DA:11,0
DA:20,2
DA:22,4
DA:23,2
DA:24,2
DA:37,1
DA:44,1
DA:45,1
DA:50,1
DA:52,1
DA:53,1
DA:65,2
DA:67,2
DA:68,2
DA:79,2
DA:80,2
DA:81,2
LF:17
LH:16
end_of_record
SF:/run/media/kingwill101/disk2/code/code/dart_packages/routed_ecosystem/packages/routed/lib/src/binding/json.dart
DA:10,0
DA:21,2
DA:22,4
DA:23,4
DA:36,1
DA:43,1
DA:44,1
DA:45,1
DA:47,1
DA:48,1
DA:63,2
DA:69,2
DA:70,2
DA:82,2
DA:83,2
DA:84,2
LF:16
LH:15
end_of_record
SF:/run/media/kingwill101/disk2/code/code/dart_packages/routed_ecosystem/packages/routed/lib/src/binding/query.dart
DA:8,0
DA:20,1
DA:28,1
DA:31,2
DA:34,1
DA:35,1
DA:47,2
DA:50,2
DA:52,6
DA:54,6
LF:10
LH:9
end_of_record
SF:/run/media/kingwill101/disk2/code/code/dart_packages/routed_ecosystem/packages/routed/lib/src/binding/uri.dart
DA:8,0
DA:19,0
DA:21,0
DA:22,0
DA:23,0
DA:24,0
DA:36,0
DA:43,0
DA:44,0
DA:46,0
DA:47,0
LF:11
LH:0
end_of_record
SF:/run/media/kingwill101/disk2/code/code/dart_packages/routed_ecosystem/packages/routed/lib/src/binding/xml.dart
DA:10,0
DA:21,0
DA:36,0
DA:44,0
LF:4
LH:0
end_of_record
SF:/run/media/kingwill101/disk2/code/code/dart_packages/routed_ecosystem/packages/routed/lib/src/binding/utils.dart
DA:9,3
DA:10,3
DA:13,6
DA:14,3
DA:16,3
DA:17,6
DA:23,6
DA:24,9
DA:26,3
DA:30,3
DA:35,3
DA:36,3
DA:37,3
DA:42,3
DA:44,3
DA:45,3
DA:48,6
DA:51,7
DA:52,1
DA:53,5
DA:60,3
DA:61,3
DA:63,3
DA:64,6
DA:67,3
DA:68,3
DA:70,1
DA:71,1
DA:72,0
DA:74,0
DA:78,3
DA:79,3
DA:81,3
DA:84,0
DA:85,0
DA:86,0
DA:88,0
DA:91,1
DA:93,1
DA:94,1
DA:101,1
DA:103,0
DA:105,0
DA:106,0
DA:107,0
DA:108,0
DA:109,0
DA:110,0
DA:111,0
DA:113,0
DA:114,0
DA:115,0
DA:116,0
DA:117,0
DA:118,0
DA:121,0
DA:127,1
DA:128,1
DA:130,1
DA:131,2
DA:132,1
DA:133,1
DA:135,1
DA:137,1
DA:138,1
DA:139,2
DA:140,1
DA:141,0
DA:144,2
DA:145,0
DA:147,0
DA:148,0
DA:149,0
DA:155,3
DA:160,0
DA:162,0
DA:163,0
DA:165,0
DA:171,3
DA:172,3
DA:173,3
DA:174,6
DA:175,6
DA:181,0
DA:185,3
DA:186,3
DA:187,1
DA:188,2
DA:189,2
DA:192,3
DA:194,2
DA:195,2
DA:196,0
LF:93
LH:61
end_of_record
SF:/run/media/kingwill101/disk2/code/code/dart_packages/routed_ecosystem/packages/routed/lib/src/validation/validator.dart
DA:7,3
DA:8,2
DA:9,2
DA:10,2
DA:11,2
DA:12,2
DA:13,2
DA:14,2
DA:15,2
DA:16,2
DA:17,2
DA:18,2
DA:19,2
DA:20,2
DA:21,2
DA:22,2
DA:23,2
DA:24,2
DA:25,2
DA:26,2
DA:27,2
DA:28,2
DA:29,2
DA:30,2
DA:31,2
DA:32,2
DA:33,2
DA:34,2
DA:35,2
DA:36,2
DA:37,2
DA:38,2
DA:39,2
DA:40,2
DA:41,2
DA:42,2
DA:43,2
DA:44,2
DA:45,2
DA:46,2
DA:47,2
DA:48,2
DA:49,2
DA:50,2
DA:51,2
DA:52,2
DA:53,2
DA:54,2
DA:55,2
DA:56,2
DA:57,2
DA:58,2
DA:59,2
DA:60,2
DA:61,2
DA:62,2
DA:63,2
DA:64,2
DA:65,2
DA:66,2
DA:67,2
DA:68,2
DA:69,2
DA:70,2
DA:71,2
DA:72,2
DA:73,2
DA:74,2
DA:75,2
DA:76,2
DA:79,3
DA:80,4
DA:93,1
DA:94,1
DA:96,2
DA:97,1
DA:98,1
DA:100,2
DA:101,1
DA:102,1
DA:103,2
DA:104,2
DA:107,2
DA:109,2
DA:111,0
DA:115,1
DA:131,1
DA:144,0
DA:145,0
DA:146,0
DA:153,1
DA:158,1
DA:159,1
DA:166,1
DA:167,1
DA:170,3
DA:171,1
DA:172,1
DA:175,2
DA:178,1
DA:179,0
DA:182,1
DA:183,1
DA:187,2
DA:188,5
DA:191,2
DA:193,1
DA:194,3
DA:195,2
DA:198,1
DA:203,1
LF:111
LH:106
end_of_record
SF:/run/media/kingwill101/disk2/code/code/dart_packages/routed_ecosystem/packages/routed/lib/src/cache/array_store_factory.dart
DA:6,8
DA:9,8
DA:10,8
DA:11,8
LF:4
LH:4
end_of_record
SF:/run/media/kingwill101/disk2/code/code/dart_packages/routed_ecosystem/packages/routed/lib/src/cache/file_store_factory.dart
DA:9,3
DA:12,3
DA:13,6
DA:14,0
DA:16,6
DA:19,3
DA:20,3
DA:21,0
DA:22,0
DA:25,3
DA:27,3
DA:29,3
DA:31,0
DA:36,3
LF:14
LH:10
end_of_record
SF:/run/media/kingwill101/disk2/code/code/dart_packages/routed_ecosystem/packages/routed/lib/src/cache/null_lock.dart
DA:4,0
DA:8,0
DA:10,0
DA:14,0
DA:16,0
DA:20,0
DA:22,0
DA:25,0
DA:27,0
LF:9
LH:0
end_of_record
SF:/run/media/kingwill101/disk2/code/code/dart_packages/routed_ecosystem/packages/routed/lib/src/cache/null_store.dart
DA:8,0
DA:11,0
DA:14,0
DA:17,0
DA:20,0
DA:22,0
DA:24,0
DA:26,0
DA:28,0
DA:31,0
DA:34,0
DA:37,0
DA:40,0
DA:42,0
DA:44,0
DA:46,0
DA:48,0
DA:50,0
LF:18
LH:0
end_of_record
SF:/run/media/kingwill101/disk2/code/code/dart_packages/routed_ecosystem/packages/routed/lib/src/cache/null_store_factory.dart
DA:7,0
DA:8,0
LF:2
LH:0
end_of_record
SF:/run/media/kingwill101/disk2/code/code/dart_packages/routed_ecosystem/packages/routed/lib/src/cache/repository.dart
DA:14,9
DA:21,4
DA:22,4
DA:25,2
DA:26,2
DA:29,5
DA:30,7
DA:33,15
DA:35,5
DA:36,15
DA:39,5
DA:40,15
DA:43,5
DA:44,15
DA:47,3
DA:48,9
DA:59,3
DA:61,3
DA:62,9
DA:64,3
DA:67,3
DA:68,9
DA:70,3
DA:75,2
DA:77,6
DA:79,2
DA:81,2
DA:93,5
DA:95,19
DA:97,5
DA:109,0
DA:111,0
DA:113,0
DA:116,0
DA:117,0
DA:119,0
DA:130,2
DA:132,2
DA:133,6
DA:134,2
DA:144,2
DA:146,2
DA:147,6
DA:148,2
DA:158,0
DA:160,0
DA:162,0
DA:174,2
DA:176,6
DA:178,1
DA:181,2
DA:182,2
DA:185,2
DA:187,1
DA:188,1
DA:190,1
DA:195,6
DA:196,2
DA:206,0
DA:208,0
DA:217,0
DA:219,0
DA:221,0
DA:224,0
DA:225,0
DA:226,0
DA:227,0
DA:236,0
DA:238,0
DA:240,0
DA:248,5
DA:250,5
LF:72
LH:51
end_of_record
SF:/run/media/kingwill101/disk2/code/code/dart_packages/routed_ecosystem/packages/routed/lib/src/cache/redis_store_factory.dart
DA:7,0
DA:9,0
DA:10,0
DA:11,0
DA:13,0
LF:5
LH:0
end_of_record
SF:/run/media/kingwill101/disk2/code/code/dart_packages/routed_ecosystem/packages/routed/lib/src/events/event_manager.dart
DA:36,116
DA:47,58
DA:48,58
DA:52,116
DA:66,5
DA:67,10
DA:70,57
DA:71,171
DA:78,35
DA:79,35
DA:80,70
DA:83,35
DA:85,35
LF:13
LH:13
end_of_record
SF:/run/media/kingwill101/disk2/code/code/dart_packages/routed_ecosystem/packages/routed/lib/src/cache/redis_lock.dart
DA:6,0
DA:7,0
DA:11,0
DA:13,0
DA:16,0
DA:18,0
DA:21,0
DA:23,0
DA:26,0
DA:28,0
LF:10
LH:0
end_of_record
SF:/run/media/kingwill101/disk2/code/code/dart_packages/routed_ecosystem/packages/routed/lib/src/cache/redis_store.dart
DA:13,0
DA:14,0
DA:16,0
DA:18,0
DA:19,0
DA:27,0
DA:28,0
DA:29,0
DA:30,0
DA:32,0
DA:33,0
DA:35,0
DA:36,0
DA:37,0
DA:38,0
DA:41,0
DA:42,0
DA:47,0
DA:48,0
DA:52,0
DA:53,0
DA:55,0
DA:56,0
DA:57,0
DA:58,0
DA:60,0
DA:63,0
DA:64,0
DA:66,0
DA:67,0
DA:68,0
DA:69,0
DA:71,0
DA:74,0
DA:75,0
DA:76,0
DA:77,0
DA:79,0
DA:82,0
DA:94,0
DA:96,0
DA:97,0
DA:98,0
DA:100,0
DA:101,0
DA:102,0
DA:103,0
DA:106,0
DA:108,0
DA:109,0
DA:110,0
DA:112,0
DA:113,0
DA:115,0
DA:118,0
DA:122,0
DA:123,0
DA:125,0
DA:127,0
DA:132,0
DA:134,0
DA:136,0
DA:140,0
DA:142,0
DA:143,0
DA:144,0
DA:145,0
DA:146,0
DA:147,0
DA:149,0
DA:150,0
DA:151,0
DA:153,0
DA:160,0
DA:162,0
DA:163,0
DA:164,0
DA:166,0
DA:167,0
DA:169,0
DA:170,0
DA:173,0
DA:175,0
DA:176,0
DA:177,0
DA:182,0
DA:184,0
DA:185,0
DA:186,0
DA:187,0
DA:188,0
DA:190,0
DA:191,0
DA:194,0
DA:196,0
DA:197,0
DA:198,0
DA:199,0
DA:200,0
DA:202,0
DA:203,0
DA:206,0
DA:208,0
DA:211,0
DA:213,0
DA:214,0
DA:215,0
DA:220,0
DA:222,0
DA:226,0
DA:229,0
DA:231,0
DA:234,0
DA:235,0
DA:236,0
DA:237,0
DA:238,0
DA:239,0
DA:244,0
DA:248,0
DA:250,0
DA:253,0
DA:255,0
DA:258,0
DA:259,0
DA:260,0
DA:262,0
DA:266,0
DA:268,0
DA:271,0
DA:274,0
DA:275,0
DA:276,0
DA:281,0
DA:282,0
DA:284,0
DA:287,0
DA:288,0
DA:291,0
DA:293,0
DA:294,0
DA:295,0
DA:296,0
DA:299,0
DA:300,0
DA:301,0
DA:302,0
DA:304,0
DA:305,0
DA:307,0
DA:309,0
DA:311,0
DA:314,0
DA:316,0
LF:154
LH:0
end_of_record
SF:/run/media/kingwill101/disk2/code/code/dart_packages/routed_ecosystem/packages/routed/lib/src/events/cache/cache_events.dart
DA:9,5
DA:21,5
DA:27,5
DA:36,5
DA:45,3
LF:5
LH:5
end_of_record
SF:/run/media/kingwill101/disk2/code/code/dart_packages/routed_ecosystem/packages/routed/lib/src/contracts/config/config.dart
DA:7,6
DA:13,2
DA:14,2
LF:3
LH:3
end_of_record
SF:/run/media/kingwill101/disk2/code/code/dart_packages/routed_ecosystem/packages/routed/lib/src/utils/deep_copy.dart
DA:3,60
DA:4,60
DA:5,60
DA:7,60
DA:8,0
DA:9,0
DA:10,0
DA:14,60
DA:15,120
DA:20,60
DA:21,60
DA:22,120
DA:23,120
DA:28,0
DA:29,0
LF:15
LH:10
end_of_record
SF:/run/media/kingwill101/disk2/code/code/dart_packages/routed_ecosystem/packages/routed/lib/src/engine/providers/request.dart
DA:27,43
DA:29,43
DA:32,86
DA:33,86
DA:36,43
DA:37,0
DA:38,0
DA:39,0
DA:42,43
DA:44,0
DA:45,0
DA:48,43
DA:49,0
DA:50,0
DA:51,0
DA:52,0
DA:61,0
DA:63,0
LF:18
LH:7
end_of_record
SF:/run/media/kingwill101/disk2/code/code/dart_packages/routed_ecosystem/packages/routed/lib/src/file_handler.dart
DA:30,3
DA:46,3
DA:57,0
DA:62,0
DA:63,0
DA:64,0
DA:67,0
DA:77,3
DA:78,12
DA:79,3
DA:80,12
DA:83,3
DA:85,3
DA:86,3
DA:94,2
DA:97,6
DA:100,8
DA:101,0
DA:103,0
DA:108,4
DA:110,4
DA:111,2
DA:112,4
DA:113,2
DA:115,2
DA:117,4
DA:121,0
DA:132,2
DA:138,6
DA:141,4
DA:142,4
DA:143,0
DA:151,2
DA:152,2
DA:154,4
DA:159,2
DA:166,2
DA:171,8
DA:172,4
DA:175,2
DA:176,4
DA:178,4
DA:179,4
DA:180,4
DA:181,0
DA:182,2
DA:183,4
DA:184,6
DA:187,4
DA:188,4
DA:196,2
DA:199,8
DA:202,4
DA:206,2
DA:207,4
DA:209,4
DA:211,4
DA:212,2
DA:214,4
DA:218,4
DA:219,4
DA:222,2
DA:227,1
DA:230,6
DA:231,4
DA:240,2
DA:241,6
DA:244,0
DA:246,0
DA:247,0
DA:248,0
DA:249,0
DA:262,1
DA:268,1
DA:269,1
DA:270,2
DA:271,1
DA:278,2
DA:279,1
DA:280,2
DA:281,1
DA:283,3
DA:285,1
DA:287,5
DA:290,6
DA:291,2
DA:293,0
DA:305,1
DA:307,1
DA:310,3
DA:311,1
DA:313,2
DA:314,2
DA:316,1
DA:327,1
DA:328,1
DA:329,2
DA:334,2
DA:335,2
DA:336,1
DA:339,2
DA:340,2
DA:345,1
DA:350,1
DA:351,1
DA:352,1
DA:353,1
DA:356,1
DA:363,2
DA:364,2
DA:365,2
DA:381,1
LF:112
LH:96
end_of_record
SF:/run/media/kingwill101/disk2/code/code/dart_packages/routed_ecosystem/packages/routed/lib/src/render/data_render.dart
DA:15,0
DA:24,0
DA:26,0
DA:27,0
DA:36,0
DA:38,0
LF:6
LH:0
end_of_record
SF:/run/media/kingwill101/disk2/code/code/dart_packages/routed_ecosystem/packages/routed/lib/src/render/html.dart
DA:27,1
DA:42,1
DA:44,1
DA:46,1
DA:47,0
DA:48,0
DA:49,1
DA:50,4
DA:51,1
DA:53,0
DA:54,0
DA:57,0
DA:58,0
DA:68,1
DA:70,2
LF:15
LH:9
end_of_record
SF:/run/media/kingwill101/disk2/code/code/dart_packages/routed_ecosystem/packages/routed/lib/src/render/json_render.dart
DA:13,22
DA:20,22
DA:22,22
DA:23,44
DA:24,22
DA:31,22
DA:33,44
DA:45,0
DA:52,0
DA:54,0
DA:56,0
DA:57,0
DA:64,0
DA:66,0
DA:78,0
DA:86,0
DA:88,0
DA:90,0
DA:93,0
DA:94,0
DA:95,0
DA:96,0
DA:98,0
DA:99,0
DA:103,0
DA:110,0
DA:112,0
DA:128,0
DA:136,0
DA:138,0
DA:141,0
DA:144,0
DA:147,0
DA:152,0
DA:156,0
DA:163,0
DA:165,0
DA:185,0
DA:193,0
DA:195,0
DA:198,0
DA:201,0
DA:207,0
DA:214,0
DA:221,0
DA:223,0
LF:46
LH:7
end_of_record
SF:/run/media/kingwill101/disk2/code/code/dart_packages/routed_ecosystem/packages/routed/lib/src/render/reader_render.dart
DA:27,0
DA:42,0
DA:44,0
DA:46,0
DA:47,0
DA:50,0
DA:51,0
DA:55,0
DA:58,0
DA:61,0
DA:62,0
DA:70,0
DA:72,0
DA:79,0
DA:80,0
DA:81,0
DA:82,0
LF:17
LH:0
end_of_record
SF:/run/media/kingwill101/disk2/code/code/dart_packages/routed_ecosystem/packages/routed/lib/src/render/redirect.dart
DA:18,0
DA:23,0
DA:32,0
DA:35,0
DA:36,0
DA:37,0
DA:38,0
DA:42,0
DA:43,0
LF:9
LH:0
end_of_record
SF:/run/media/kingwill101/disk2/code/code/dart_packages/routed_ecosystem/packages/routed/lib/src/render/string_render.dart
DA:12,31
DA:21,31
DA:23,31
DA:24,62
DA:33,31
DA:35,62
LF:6
LH:6
end_of_record
SF:/run/media/kingwill101/disk2/code/code/dart_packages/routed_ecosystem/packages/routed/lib/src/render/xml.dart
DA:11,0
DA:14,0
DA:17,0
DA:20,0
DA:23,0
DA:27,0
DA:29,0
DA:37,0
DA:38,0
DA:39,0
DA:41,0
DA:42,0
DA:43,0
DA:45,0
DA:46,0
DA:51,0
DA:53,0
DA:54,0
DA:59,0
DA:67,0
DA:68,0
DA:69,0
DA:70,0
DA:72,0
DA:73,0
DA:77,0
DA:78,0
DA:79,0
DA:81,0
DA:82,0
DA:87,0
LF:31
LH:0
end_of_record
SF:/run/media/kingwill101/disk2/code/code/dart_packages/routed_ecosystem/packages/routed/lib/src/render/yaml.dart
DA:11,0
DA:20,0
DA:23,0
DA:26,0
DA:29,0
DA:38,0
DA:40,0
LF:7
LH:0
end_of_record
SF:/run/media/kingwill101/disk2/code/code/dart_packages/routed_ecosystem/packages/routed/lib/src/utils/debug.dart
DA:3,1
DA:5,3
DA:7,1
DA:10,1
LF:4
LH:4
end_of_record
SF:/run/media/kingwill101/disk2/code/code/dart_packages/routed_ecosystem/packages/routed/lib/src/view/view_engine.dart
DA:29,0
DA:30,0
DA:32,0
DA:33,0
LF:4
LH:0
end_of_record
SF:/run/media/kingwill101/disk2/code/code/dart_packages/routed_ecosystem/packages/routed/lib/src/engine/events/config.dart
DA:40,58
DA:42,58
DA:60,58
DA:78,7
LF:4
LH:4
end_of_record
SF:/run/media/kingwill101/disk2/code/code/dart_packages/routed_ecosystem/packages/routed/lib/src/engine/events/route.dart
DA:26,84
DA:58,82
DA:85,12
DA:125,86
DA:170,4
DA:171,4
LF:6
LH:6
end_of_record
SF:/run/media/kingwill101/disk2/code/code/dart_packages/routed_ecosystem/packages/routed/lib/src/engine/events/request.dart
DA:6,41
DA:14,41
LF:2
LH:2
end_of_record
SF:/run/media/kingwill101/disk2/code/code/dart_packages/routed_ecosystem/packages/routed/lib/src/engine/providers/core.dart
DA:102,59
DA:109,59
DA:110,236
DA:113,59
DA:388,59
DA:390,118
DA:391,118
DA:392,2
DA:394,177
DA:397,59
DA:399,59
DA:401,59
DA:402,118
DA:403,177
DA:404,177
DA:407,118
DA:408,118
DA:411,118
DA:413,59
DA:415,59
DA:417,59
DA:418,59
DA:419,112
DA:421,59
DA:422,118
DA:423,118
DA:424,118
DA:425,118
DA:426,177
DA:428,118
DA:431,57
DA:433,114
DA:436,1
DA:437,1
DA:440,53
DA:442,53
DA:446,35
DA:448,35
DA:449,70
DA:453,35
DA:455,35
DA:458,1
DA:459,1
DA:461,2
DA:462,3
DA:463,1
DA:464,1
DA:465,1
DA:466,3
DA:469,1
DA:472,2
DA:476,1
DA:481,1
DA:482,3
DA:483,2
DA:486,1
DA:491,2
DA:492,1
DA:494,2
DA:496,2
DA:497,3
DA:498,1
DA:499,1
DA:500,3
DA:501,2
DA:503,1
DA:508,2
DA:509,1
DA:510,1
DA:511,1
DA:512,2
DA:513,0
DA:514,0
DA:517,0
DA:519,2
DA:523,1
DA:528,2
DA:529,5
DA:530,1
DA:534,1
DA:539,2
DA:540,1
DA:541,1
DA:543,1
DA:545,1
DA:546,3
DA:548,1
DA:549,1
DA:550,2
DA:553,1
DA:556,1
DA:560,35
DA:561,36
DA:562,35
DA:563,36
DA:564,1
DA:566,70
DA:567,36
DA:568,35
DA:571,59
DA:572,118
DA:573,59
DA:574,59
DA:579,59
DA:580,59
DA:585,59
DA:586,59
DA:590,0
DA:593,59
DA:594,59
DA:599,118
DA:606,59
DA:607,59
DA:611,59
DA:612,59
DA:616,59
DA:617,59
DA:622,59
DA:623,59
DA:628,59
DA:629,59
DA:634,59
DA:635,59
DA:641,59
DA:644,59
DA:645,59
DA:646,59
DA:648,59
DA:649,59
DA:650,59
LF:130
LH:126
end_of_record
[...]
DA:129,0
DA:130,0
DA:133,0
DA:134,0
DA:136,0
DA:137,0
DA:138,0
DA:139,0
DA:143,4
DA:144,4
DA:145,4
DA:148,4
DA:149,8
DA:150,16
DA:151,4
DA:153,12
DA:156,0
DA:157,0
DA:159,0
DA:160,0
DA:161,0
DA:164,0
DA:165,0
DA:167,0
DA:168,0
DA:171,0
DA:172,0
DA:175,0
DA:178,0
DA:179,0
DA:181,0
DA:182,0
DA:183,0
DA:186,0
DA:187,0
DA:189,0
DA:190,0
DA:191,0
DA:193,0
DA:194,0
DA:197,0
DA:200,3
DA:201,3
DA:202,3
DA:204,3
DA:205,6
DA:206,0
DA:209,3
DA:210,3
DA:211,3
DA:213,3
DA:214,3
DA:215,0
DA:218,6
DA:219,3
DA:220,6
DA:222,3
DA:223,3
DA:226,0
DA:229,4
DA:230,4
DA:231,4
DA:232,8
DA:233,8
DA:236,3
DA:237,3
DA:238,3
DA:239,3
DA:242,3
DA:243,3
DA:244,3
DA:245,9
DA:247,9
DA:248,12
DA:250,3
LF:121
LH:73
end_of_record
SF:/run/media/kingwill101/disk2/code/code/dart_packages/routed_ecosystem/packages/routed/lib/src/storage/local_storage_driver.dart
DA:11,73
DA:14,59
DA:15,59
DA:16,59
DA:17,59
DA:22,59
DA:26,59
DA:27,177
DA:29,59
DA:31,177
DA:36,59
DA:37,59
DA:38,59
DA:39,59
DA:44,59
DA:45,59
DA:53,59
DA:57,59
DA:58,59
DA:61,59
DA:64,59
DA:65,59
DA:68,0
DA:74,59
DA:76,59
DA:81,59
DA:82,177
DA:83,59
DA:84,118
DA:89,3
DA:90,3
DA:92,59
DA:94,59
DA:95,59
DA:97,12
DA:100,118
LF:36
LH:35
end_of_record
SF:/run/media/kingwill101/disk2/code/code/dart_packages/routed_ecosystem/packages/routed/lib/src/storage/cloud_storage_driver.dart
DA:10,0
DA:19,0
DA:21,0
DA:22,0
DA:24,0
DA:26,0
DA:27,0
DA:30,0
DA:36,73
DA:38,0
DA:39,0
DA:40,0
DA:42,0
DA:43,0
DA:46,59
DA:47,59
DA:48,59
DA:49,59
DA:54,59
DA:55,59
DA:59,59
DA:60,59
DA:64,59
DA:65,59
DA:69,59
DA:70,59
DA:75,59
DA:76,59
DA:81,59
DA:82,59
DA:90,0
DA:91,0
DA:92,0
DA:93,0
DA:95,0
DA:97,0
DA:98,0
DA:101,0
DA:103,0
DA:106,0
DA:107,0
DA:108,0
DA:111,0
DA:112,0
DA:113,0
DA:116,0
DA:117,0
DA:118,0
DA:121,0
DA:122,0
DA:123,0
DA:127,0
DA:128,0
DA:129,0
DA:132,0
DA:133,0
DA:134,0
DA:137,0
DA:138,0
DA:139,0
DA:142,0
DA:143,0
DA:144,0
DA:149,0
DA:150,0
DA:151,0
DA:155,0
DA:156,0
DA:157,0
DA:163,0
DA:164,0
DA:165,0
DA:166,0
DA:167,0
DA:168,0
DA:169,0
DA:171,0
DA:172,0
DA:175,0
DA:176,0
DA:177,0
DA:183,0
DA:184,0
DA:185,0
DA:186,0
DA:187,0
DA:188,0
DA:189,0
DA:190,0
DA:191,0
DA:192,0
DA:195,0
LF:92
LH:17
end_of_record
SF:/run/media/kingwill101/disk2/code/code/dart_packages/routed_ecosystem/packages/routed/lib/src/storage/storage_drivers.dart
DA:12,59
DA:24,0
DA:25,0
DA:26,0
DA:34,59
DA:40,177
DA:44,59
DA:56,59
DA:58,118
DA:59,59
DA:61,59
DA:67,59
DA:69,59
DA:72,59
DA:82,2
DA:84,0
DA:86,177
DA:88,3
DA:90,59
DA:91,59
DA:92,177
DA:93,59
DA:97,59
DA:98,59
DA:100,59
DA:101,59
DA:107,0
DA:111,0
DA:112,0
DA:115,0
DA:116,0
DA:120,1
DA:129,2
DA:131,1
LF:34
LH:25
end_of_record
SF:/run/media/kingwill101/disk2/code/code/dart_packages/routed_ecosystem/packages/routed/lib/src/events/system_events.dart
DA:10,0
DA:19,0
DA:28,0
DA:37,0
DA:49,0
DA:61,0
DA:73,0
LF:7
LH:0
end_of_record
SF:/run/media/kingwill101/disk2/code/code/dart_packages/routed_ecosystem/packages/routed/lib/src/events/rate_limit/rate_limit_events.dart
DA:6,1
DA:32,1
DA:43,1
LF:3
LH:3
end_of_record
SF:/run/media/kingwill101/disk2/code/code/dart_packages/routed_ecosystem/packages/routed/lib/src/logging/extensions.dart
DA:7,2
DA:9,0
LF:2
LH:1
end_of_record
SF:/run/media/kingwill101/disk2/code/code/dart_packages/routed_ecosystem/packages/routed/lib/src/render/html/liquid.dart
DA:18,58
DA:28,1
DA:30,3
DA:31,1
DA:32,0
DA:35,1
DA:36,2
DA:39,0
DA:41,0
DA:42,0
DA:43,0
DA:45,0
DA:46,0
DA:56,0
DA:57,0
DA:59,0
DA:60,0
DA:62,0
DA:64,0
DA:67,0
DA:70,0
DA:72,0
DA:75,0
DA:80,0
DA:84,0
DA:89,0
DA:91,0
DA:92,0
DA:95,0
DA:100,0
DA:102,0
DA:107,0
DA:109,0
DA:110,0
DA:111,0
DA:113,0
DA:116,0
DA:118,0
DA:119,0
LF:39
LH:6
end_of_record
SF:/run/media/kingwill101/disk2/code/code/dart_packages/routed_ecosystem/packages/routed/lib/src/router/registered_route.dart
DA:21,44
DA:28,44
DA:30,0
DA:32,0
DA:33,0
LF:5
LH:2
end_of_record
SF:/run/media/kingwill101/disk2/code/code/dart_packages/routed_ecosystem/packages/routed/lib/src/router/route_builder.dart
DA:18,44
DA:24,6
DA:25,12
DA:33,1
DA:34,3
DA:44,0
DA:49,0
DA:60,1
DA:63,1
DA:64,1
DA:65,1
DA:66,3
DA:67,1
DA:68,0
DA:69,0
DA:70,0
DA:72,4
LF:17
LH:12
end_of_record
SF:/run/media/kingwill101/disk2/code/code/dart_packages/routed_ecosystem/packages/routed/lib/src/sessions/cookie_store.dart
DA:24,5
DA:25,10
DA:26,5
DA:27,10
DA:30,1
DA:39,4
DA:41,8
DA:42,12
DA:43,8
DA:46,8
DA:47,4
DA:48,4
DA:49,6
DA:50,3
DA:51,3
DA:52,3
DA:53,6
DA:54,6
DA:55,3
DA:56,0
DA:57,0
DA:58,0
DA:64,8
DA:65,8
DA:68,3
DA:70,3
DA:75,6
DA:77,3
DA:80,9
DA:81,3
DA:84,0
DA:94,3
DA:95,3
DA:97,3
DA:98,3
DA:99,6
DA:100,6
DA:101,6
DA:104,9
DA:105,6
DA:109,0
DA:113,4
DA:117,4
DA:118,1
DA:119,1
DA:122,2
DA:123,4
DA:128,4
DA:130,4
DA:131,16
DA:132,4
DA:134,4
DA:135,4
DA:137,10
DA:138,8
DA:139,16
DA:140,8
DA:141,8
DA:142,8
DA:146,12
LF:60
LH:55
end_of_record
SF:/run/media/kingwill101/disk2/code/code/dart_packages/routed_ecosystem/packages/routed/lib/src/sessions/filesystem_store.dart
DA:35,2
DA:45,0
DA:46,0
DA:47,0
DA:52,0
DA:53,4
DA:54,2
DA:55,1
DA:57,2
DA:59,0
DA:65,0
DA:67,0
DA:68,0
DA:69,0
DA:71,0
DA:73,0
DA:74,0
DA:78,0
DA:80,0
DA:81,0
DA:83,0
DA:84,0
DA:85,0
DA:87,0
DA:96,0
DA:97,0
DA:103,0
DA:109,0
DA:110,0
DA:111,0
DA:112,0
DA:113,0
DA:115,0
DA:116,0
DA:121,0
DA:123,0
DA:124,0
DA:126,0
DA:127,0
DA:129,0
DA:130,0
DA:131,0
DA:132,0
DA:133,0
DA:136,0
DA:144,0
DA:145,0
DA:146,0
DA:147,0
DA:148,0
DA:149,0
DA:153,0
DA:154,0
DA:155,0
DA:156,0
DA:157,0
DA:159,0
DA:163,0
DA:164,0
DA:165,0
DA:166,0
DA:167,0
DA:168,0
DA:175,0
DA:176,0
DA:177,0
DA:178,0
DA:179,0
DA:180,0
DA:182,0
DA:183,0
DA:184,0
DA:185,0
DA:194,0
DA:195,0
DA:198,0
DA:199,0
DA:200,0
DA:203,0
DA:204,0
DA:205,0
DA:211,0
DA:212,0
DA:213,0
DA:214,0
LF:85
LH:5
end_of_record
SF:/run/media/kingwill101/disk2/code/code/dart_packages/routed_ecosystem/packages/routed/lib/src/validation/rule.dart
DA:23,0
LF:1
LH:0
end_of_record
SF:/run/media/kingwill101/disk2/code/code/dart_packages/routed_ecosystem/packages/routed/lib/src/validation/context_aware_rule.dart
DA:7,0
DA:8,0
DA:11,0
DA:12,0
LF:4
LH:0
end_of_record
SF:/run/media/kingwill101/disk2/code/code/dart_packages/routed_ecosystem/packages/routed/lib/src/validation/rules/accepted.dart
DA:6,1
DA:8,0
DA:12,0
DA:16,0
DA:17,0
LF:5
LH:1
end_of_record
SF:/run/media/kingwill101/disk2/code/code/dart_packages/routed_ecosystem/packages/routed/lib/src/validation/rules/active_url.dart
DA:4,1
DA:7,0
DA:11,0
DA:16,0
DA:18,0
LF:5
LH:1
end_of_record
SF:/run/media/kingwill101/disk2/code/code/dart_packages/routed_ecosystem/packages/routed/lib/src/validation/rules/after.dart
DA:6,1
DA:8,0
DA:10,0
DA:11,0
DA:16,0
DA:18,0
DA:21,0
DA:22,0
DA:26,0
LF:9
LH:1
end_of_record
SF:/run/media/kingwill101/disk2/code/code/dart_packages/routed_ecosystem/packages/routed/lib/src/validation/rules/after_or_equal.dart
DA:4,1
DA:7,0
DA:9,0
DA:10,0
DA:15,0
DA:17,0
DA:19,0
DA:20,0
DA:24,0
DA:25,0
LF:10
LH:1
end_of_record
SF:/run/media/kingwill101/disk2/code/code/dart_packages/routed_ecosystem/packages/routed/lib/src/validation/rules/alpha.dart
DA:7,1
DA:9,0
DA:13,1
DA:17,3
LF:4
LH:3
end_of_record
SF:/run/media/kingwill101/disk2/code/code/dart_packages/routed_ecosystem/packages/routed/lib/src/validation/rules/alpha_dash.dart
DA:8,1
DA:10,0
DA:14,0
DA:18,0
LF:4
LH:1
end_of_record
SF:/run/media/kingwill101/disk2/code/code/dart_packages/routed_ecosystem/packages/routed/lib/src/validation/rules/alpha_num.dart
DA:7,1
DA:9,0
DA:13,0
DA:17,0
LF:4
LH:1
end_of_record
SF:/run/media/kingwill101/disk2/code/code/dart_packages/routed_ecosystem/packages/routed/lib/src/validation/rules/array.dart
DA:5,1
DA:8,1
DA:10,0
DA:11,0
DA:16,1
DA:18,1
DA:21,0
DA:24,0
DA:25,0
DA:26,0
LF:10
LH:4
end_of_record
SF:/run/media/kingwill101/disk2/code/code/dart_packages/routed_ecosystem/packages/routed/lib/src/validation/rules/ascii.dart
DA:4,1
DA:6,0
DA:10,0
DA:13,0
LF:4
LH:1
end_of_record
SF:/run/media/kingwill101/disk2/code/code/dart_packages/routed_ecosystem/packages/routed/lib/src/validation/rules/before.dart
DA:7,1
DA:9,0
DA:11,0
DA:12,0
DA:17,0
DA:19,0
DA:22,0
DA:23,0
DA:27,0
LF:9
LH:1
end_of_record
SF:/run/media/kingwill101/disk2/code/code/dart_packages/routed_ecosystem/packages/routed/lib/src/validation/rules/before_or_equal.dart
DA:4,1
DA:6,0
DA:8,0
DA:9,0
DA:14,0
DA:16,0
DA:18,0
DA:19,0
DA:23,0
DA:24,0
LF:10
LH:1
end_of_record
SF:/run/media/kingwill101/disk2/code/code/dart_packages/routed_ecosystem/packages/routed/lib/src/validation/rules/between.dart
DA:7,1
DA:9,0
DA:11,0
DA:12,0
DA:17,0
DA:19,0
DA:22,0
DA:23,0
DA:24,0
DA:28,0
LF:10
LH:1
end_of_record
SF:/run/media/kingwill101/disk2/code/code/dart_packages/routed_ecosystem/packages/routed/lib/src/validation/rules/boolean.dart
DA:7,1
DA:9,0
DA:13,0
DA:17,0
DA:18,0
DA:19,0
DA:20,0
DA:21,0
DA:22,0
DA:23,0
LF:10
LH:1
end_of_record
SF:/run/media/kingwill101/disk2/code/code/dart_packages/routed_ecosystem/packages/routed/lib/src/validation/rules/confirmed.dart
DA:7,1
DA:9,0
DA:13,0
DA:15,0
DA:16,0
DA:18,0
DA:19,0
DA:21,0
DA:23,0
LF:9
LH:1
end_of_record
SF:/run/media/kingwill101/disk2/code/code/dart_packages/routed_ecosystem/packages/routed/lib/src/validation/rules/contains.dart
DA:4,1
DA:6,0
DA:8,0
DA:9,0
DA:14,0
DA:16,0
DA:21,0
DA:22,0
LF:8
LH:1
end_of_record
SF:/run/media/kingwill101/disk2/code/code/dart_packages/routed_ecosystem/packages/routed/lib/src/validation/rules/date.dart
DA:7,1
DA:11,0
DA:21,0
DA:25,0
LF:4
LH:1
end_of_record
SF:/run/media/kingwill101/disk2/code/code/dart_packages/routed_ecosystem/packages/routed/lib/src/validation/rules/date_equals.dart
DA:4,1
DA:6,0
DA:8,0
DA:9,0
DA:14,0
DA:16,0
DA:18,0
DA:19,0
DA:23,0
LF:9
LH:1
end_of_record
SF:/run/media/kingwill101/disk2/code/code/dart_packages/routed_ecosystem/packages/routed/lib/src/validation/rules/date_format.dart
DA:6,1
DA:9,0
DA:11,0
DA:12,0
DA:17,0
DA:19,0
DA:22,0
LF:7
LH:1
end_of_record
SF:/run/media/kingwill101/disk2/code/code/dart_packages/routed_ecosystem/packages/routed/lib/src/validation/rules/decimal.dart
DA:4,1
DA:6,0
DA:8,0
DA:9,0
DA:10,0
DA:13,0
DA:15,0
DA:20,0
DA:24,0
DA:25,0
DA:29,0
DA:30,0
DA:31,0
DA:33,0
DA:34,0
DA:38,0
DA:40,0
LF:17
LH:1
end_of_record
SF:/run/media/kingwill101/disk2/code/code/dart_packages/routed_ecosystem/packages/routed/lib/src/validation/rules/different.dart
DA:7,1
DA:9,0
DA:11,0
DA:12,0
DA:17,0
DA:19,0
DA:20,0
DA:22,0
DA:23,0
DA:25,0
DA:27,0
LF:11
LH:1
end_of_record
SF:/run/media/kingwill101/disk2/code/code/dart_packages/routed_ecosystem/packages/routed/lib/src/validation/rules/digits.dart
DA:7,1
DA:9,0
DA:11,0
DA:12,0
DA:17,0
DA:19,0
DA:21,0
DA:24,0
DA:25,0
LF:9
LH:1
end_of_record
SF:/run/media/kingwill101/disk2/code/code/dart_packages/routed_ecosystem/packages/routed/lib/src/validation/rules/digits_between.dart
DA:7,1
DA:9,0
DA:11,0
DA:12,0
DA:17,0
DA:19,0
DA:21,0
DA:22,0
DA:26,0
DA:28,0
DA:29,0
DA:30,0
LF:12
LH:1
end_of_record
SF:/run/media/kingwill101/disk2/code/code/dart_packages/routed_ecosystem/packages/routed/lib/src/validation/rules/distinct.dart
DA:4,1
DA:6,0
DA:10,0
DA:12,0
DA:16,0
DA:17,0
DA:18,0
LF:7
LH:1
end_of_record
SF:/run/media/kingwill101/disk2/code/code/dart_packages/routed_ecosystem/packages/routed/lib/src/validation/rules/doesnt_end_with.dart
DA:4,1
DA:6,0
DA:8,0
DA:10,0
DA:13,0
DA:14,0
DA:15,0
LF:7
LH:1
end_of_record
SF:/run/media/kingwill101/disk2/code/code/dart_packages/routed_ecosystem/packages/routed/lib/src/validation/rules/doesnt_start_with.dart
DA:4,1
DA:6,0
DA:8,0
DA:10,0
DA:13,0
DA:14,0
DA:15,0
LF:7
LH:1
end_of_record
SF:/run/media/kingwill101/disk2/code/code/dart_packages/routed_ecosystem/packages/routed/lib/src/validation/rules/double.dart
DA:7,1
DA:11,0
DA:22,0
DA:28,0
LF:4
LH:1
end_of_record
SF:/run/media/kingwill101/disk2/code/code/dart_packages/routed_ecosystem/packages/routed/lib/src/validation/rules/email.dart
DA:7,1
DA:11,0
DA:24,0
DA:27,0
DA:30,0
DA:33,0
LF:6
LH:1
end_of_record
SF:/run/media/kingwill101/disk2/code/code/dart_packages/routed_ecosystem/packages/routed/lib/src/validation/rules/ends_with.dart
DA:4,1
DA:6,0
DA:8,0
DA:10,0
DA:13,0
DA:14,0
DA:15,0
LF:7
LH:1
end_of_record
SF:/run/media/kingwill101/disk2/code/code/dart_packages/routed_ecosystem/packages/routed/lib/src/validation/rules/file_between.dart
DA:5,1
DA:8,0
DA:10,0
DA:11,0
DA:16,0
DA:20,0
DA:21,0
DA:25,0
DA:26,0
DA:27,0
DA:29,0
LF:11
LH:1
end_of_record
SF:/run/media/kingwill101/disk2/code/code/dart_packages/routed_ecosystem/packages/routed/lib/src/validation/rules/file_dimensions.dart
DA:4,1
DA:7,0
DA:13,0
LF:3
LH:1
end_of_record
SF:/run/media/kingwill101/disk2/code/code/dart_packages/routed_ecosystem/packages/routed/lib/src/validation/rules/file_extensions.dart
DA:6,1
DA:9,0
DA:11,0
DA:12,0
DA:17,0
DA:21,0
DA:22,0
DA:26,0
DA:28,0
LF:9
LH:1
end_of_record
SF:/run/media/kingwill101/disk2/code/code/dart_packages/routed_ecosystem/packages/routed/lib/src/validation/rules/file_rules.dart
DA:12,1
DA:18,1
DA:30,1
DA:32,1
DA:44,1
DA:50,0
DA:52,0
DA:53,0
DA:67,0
DA:69,0
DA:72,0
DA:74,0
DA:86,1
DA:92,0
DA:105,0
DA:107,0
DA:111,0
LF:17
LH:6
end_of_record
SF:/run/media/kingwill101/disk2/code/code/dart_packages/routed_ecosystem/packages/routed/lib/src/validation/rules/greater_than.dart
DA:4,1
DA:7,0
DA:9,0
DA:10,0
DA:15,0
DA:17,0
DA:19,0
DA:20,0
DA:24,0
LF:9
LH:1
end_of_record
SF:/run/media/kingwill101/disk2/code/code/dart_packages/routed_ecosystem/packages/routed/lib/src/validation/rules/greater_than_or_equal.dart
DA:4,1
DA:7,0
DA:9,0
DA:10,0
DA:15,0
DA:17,0
DA:19,0
DA:20,0
DA:24,0
LF:9
LH:1
end_of_record
SF:/run/media/kingwill101/disk2/code/code/dart_packages/routed_ecosystem/packages/routed/lib/src/validation/rules/hex_color.dart
DA:4,1
DA:7,0
DA:11,0
DA:14,0
LF:4
LH:1
end_of_record
SF:/run/media/kingwill101/disk2/code/code/dart_packages/routed_ecosystem/packages/routed/lib/src/validation/rules/in.dart
DA:7,1
DA:11,0
DA:13,0
DA:20,0
DA:25,0
LF:5
LH:1
end_of_record
SF:/run/media/kingwill101/disk2/code/code/dart_packages/routed_ecosystem/packages/routed/lib/src/validation/rules/in_array.dart
DA:4,1
DA:7,0
DA:11,0
DA:13,0
DA:14,0
DA:16,0
DA:17,0
DA:19,0
DA:21,0
DA:23,0
LF:10
LH:1
end_of_record
SF:/run/media/kingwill101/disk2/code/code/dart_packages/routed_ecosystem/packages/routed/lib/src/validation/rules/int.dart
DA:6,1
DA:10,0
DA:20,0
DA:23,0
DA:24,0
LF:5
LH:1
end_of_record
SF:/run/media/kingwill101/disk2/code/code/dart_packages/routed_ecosystem/packages/routed/lib/src/validation/rules/ip.dart
DA:5,1
DA:8,0
DA:12,0
DA:16,0
DA:18,0
DA:19,0
DA:31,0
LF:7
LH:1
end_of_record
SF:/run/media/kingwill101/disk2/code/code/dart_packages/routed_ecosystem/packages/routed/lib/src/validation/rules/ipv4.dart
DA:5,1
DA:8,0
DA:12,0
DA:16,0
DA:18,0
LF:5
LH:1
end_of_record
SF:/run/media/kingwill101/disk2/code/code/dart_packages/routed_ecosystem/packages/routed/lib/src/validation/rules/ipv6.dart
DA:5,1
DA:8,0
DA:12,0
DA:16,0
DA:28,0
LF:5
LH:1
end_of_record
SF:/run/media/kingwill101/disk2/code/code/dart_packages/routed_ecosystem/packages/routed/lib/src/validation/rules/json.dart
DA:6,1
DA:9,0
DA:13,0
DA:18,0
LF:4
LH:1
end_of_record
SF:/run/media/kingwill101/disk2/code/code/dart_packages/routed_ecosystem/packages/routed/lib/src/validation/rules/less_than.dart
DA:4,1
DA:7,0
DA:9,0
DA:10,0
DA:15,0
DA:17,0
DA:19,0
DA:20,0
DA:24,0
LF:9
LH:1
end_of_record
SF:/run/media/kingwill101/disk2/code/code/dart_packages/routed_ecosystem/packages/routed/lib/src/validation/rules/less_than_or_equal.dart
DA:4,1
DA:7,0
DA:9,0
DA:10,0
DA:15,0
DA:17,0
DA:19,0
DA:20,0
DA:24,0
LF:9
LH:1
end_of_record
SF:/run/media/kingwill101/disk2/code/code/dart_packages/routed_ecosystem/packages/routed/lib/src/validation/rules/list.dart
DA:4,1
DA:7,0
DA:11,0
DA:13,0
DA:16,0
DA:17,0
LF:6
LH:1
end_of_record
SF:/run/media/kingwill101/disk2/code/code/dart_packages/routed_ecosystem/packages/routed/lib/src/validation/rules/lowercase.dart
DA:4,1
DA:7,0
DA:11,0
DA:14,0
LF:4
LH:1
end_of_record
SF:/run/media/kingwill101/disk2/code/code/dart_packages/routed_ecosystem/packages/routed/lib/src/validation/rules/max.dart
DA:9,1
DA:13,0
DA:15,0
DA:16,0
DA:30,0
DA:33,0
DA:36,0
DA:40,0
DA:41,0
DA:45,0
DA:46,0
LF:11
LH:1
end_of_record
SF:/run/media/kingwill101/disk2/code/code/dart_packages/routed_ecosystem/packages/routed/lib/src/validation/rules/max_length.dart
DA:6,1
DA:10,0
DA:12,0
DA:13,0
DA:26,0
DA:29,0
DA:32,0
DA:36,0
DA:37,0
LF:9
LH:1
end_of_record
SF:/run/media/kingwill101/disk2/code/code/dart_packages/routed_ecosystem/packages/routed/lib/src/validation/rules/min.dart
DA:9,1
DA:13,0
DA:15,0
DA:16,0
DA:30,1
DA:33,1
DA:36,2
DA:40,1
DA:41,2
DA:45,0
DA:46,0
LF:11
LH:6
end_of_record
SF:/run/media/kingwill101/disk2/code/code/dart_packages/routed_ecosystem/packages/routed/lib/src/validation/rules/min_length.dart
DA:7,1
DA:11,0
DA:13,0
DA:14,0
DA:28,0
DA:31,0
DA:34,0
DA:38,0
DA:39,0
LF:9
LH:1
end_of_record
SF:/run/media/kingwill101/disk2/code/code/dart_packages/routed_ecosystem/packages/routed/lib/src/validation/rules/multiple_of.dart
DA:4,1
DA:7,0
DA:9,0
DA:10,0
DA:15,0
DA:17,0
DA:19,0
DA:20,0
DA:24,0
LF:9
LH:1
end_of_record
SF:/run/media/kingwill101/disk2/code/code/dart_packages/routed_ecosystem/packages/routed/lib/src/validation/rules/not_in.dart
DA:4,1
DA:7,0
DA:11,0
DA:14,0
LF:4
LH:1
end_of_record
SF:/run/media/kingwill101/disk2/code/code/dart_packages/routed_ecosystem/packages/routed/lib/src/validation/rules/not_regex.dart
DA:4,1
DA:7,0
DA:11,0
DA:13,0
DA:14,0
LF:5
LH:1
end_of_record
SF:/run/media/kingwill101/disk2/code/code/dart_packages/routed_ecosystem/packages/routed/lib/src/validation/rules/nullable.dart
DA:8,1
DA:11,0
DA:14,0
LF:3
LH:1
end_of_record
SF:/run/media/kingwill101/disk2/code/code/dart_packages/routed_ecosystem/packages/routed/lib/src/validation/rules/numeric.dart
DA:6,1
DA:10,1
DA:28,1
DA:31,2
LF:4
LH:4
end_of_record
SF:/run/media/kingwill101/disk2/code/code/dart_packages/routed_ecosystem/packages/routed/lib/src/validation/rules/required.dart
DA:8,1
DA:13,1
DA:23,1
DA:25,2
LF:4
LH:4
end_of_record
SF:/run/media/kingwill101/disk2/code/code/dart_packages/routed_ecosystem/packages/routed/lib/src/validation/rules/required_array_keys.dart
DA:4,1
DA:7,0
DA:9,0
DA:11,0
DA:13,0
DA:18,0
DA:19,0
LF:7
LH:1
end_of_record
SF:/run/media/kingwill101/disk2/code/code/dart_packages/routed_ecosystem/packages/routed/lib/src/validation/rules/slug.dart
DA:9,1
DA:13,0
DA:25,0
DA:28,0
LF:4
LH:1
end_of_record
SF:/run/media/kingwill101/disk2/code/code/dart_packages/routed_ecosystem/packages/routed/lib/src/validation/rules/string.dart
DA:5,1
DA:8,0
DA:12,0
DA:15,0
LF:4
LH:1
end_of_record
SF:/run/media/kingwill101/disk2/code/code/dart_packages/routed_ecosystem/packages/routed/lib/src/validation/rules/url.dart
DA:6,1
DA:10,0
DA:21,0
DA:28,0
LF:4
LH:1
end_of_record
SF:/run/media/kingwill101/disk2/code/code/dart_packages/routed_ecosystem/packages/routed/lib/src/validation/rules/uuid.dart
DA:6,1
DA:10,0
DA:23,0
DA:26,0
DA:28,0
LF:5
LH:1
end_of_record
SF:/run/media/kingwill101/disk2/code/code/dart_packages/routed_ecosystem/packages/routed/lib/src/validation/rules/word.dart
DA:13,1
DA:19,0
DA:33,0
DA:36,0
LF:4
LH:1
end_of_record
SF:/run/media/kingwill101/disk2/code/code/dart_packages/routed_ecosystem/packages/routed/lib/src/validation/rules/same.dart
DA:4,1
DA:7,0
DA:9,0
DA:11,0
DA:13,0
DA:14,0
DA:16,0
DA:17,0
DA:19,0
DA:21,0
LF:10
LH:1
end_of_record
SF:/run/media/kingwill101/disk2/code/code/dart_packages/routed_ecosystem/packages/routed/lib/src/validation/rules/starts_with.dart
DA:4,1
DA:7,0
DA:9,0
DA:11,0
DA:14,0
DA:15,0
DA:16,0
LF:7
LH:1
end_of_record
SF:/run/media/kingwill101/disk2/code/code/dart_packages/routed_ecosystem/packages/routed/lib/src/validation/rules/uppercase.dart
DA:4,1
DA:7,0
DA:11,0
DA:14,0
LF:4
LH:1
end_of_record
SF:/run/media/kingwill101/disk2/code/code/dart_packages/routed_ecosystem/packages/routed/lib/src/validation/rules/ulid.dart
DA:4,1
DA:7,0
DA:11,0
DA:14,0
LF:4
LH:1
end_of_record
SF:/run/media/kingwill101/disk2/code/code/dart_packages/routed_ecosystem/packages/routed/lib/src/validation/rules/same_size.dart
DA:4,1
DA:7,0
DA:9,0
DA:10,0
DA:15,0
DA:17,0
DA:18,0
DA:20,0
DA:21,0
DA:23,0
DA:24,0
DA:25,0
DA:26,0
DA:27,0
DA:28,0
DA:29,0
DA:30,0
DA:31,0
LF:18
LH:1
end_of_record
